<?xml version="1.0" encoding="UTF-8"?>
<coverage generated="1556861270991" clover="3.2.0">
  <project timestamp="1556861270992" name="All files">
    <metrics statements="309" coveredstatements="170" conditionals="133" coveredconditionals="49" methods="39" coveredmethods="18" elements="481" coveredelements="237" complexity="0" loc="309" ncloc="309" packages="9" files="21" classes="21">
      <package name="src">
        <metrics statements="57" coveredstatements="16" conditionals="12" coveredconditionals="0" methods="11" coveredmethods="1"/>
        <file name="App.vue" path="/Users/pkl/Documents/projects/colourlist/colourlist/src/App.vue">
          <metrics statements="56" coveredstatements="15" conditionals="12" coveredconditionals="0" methods="11" coveredmethods="1"/>
          <line num="25" count="1" type="stmt"/>
          <line num="26" count="1" type="stmt"/>
          <line num="27" count="1" type="stmt"/>
          <line num="28" count="1" type="stmt"/>
          <line num="29" count="1" type="stmt"/>
          <line num="30" count="1" type="stmt"/>
          <line num="31" count="1" type="stmt"/>
          <line num="32" count="1" type="stmt"/>
          <line num="33" count="1" type="stmt"/>
          <line num="34" count="1" type="stmt"/>
          <line num="35" count="1" type="stmt"/>
          <line num="36" count="1" type="stmt"/>
          <line num="38" count="1" type="stmt"/>
          <line num="63" count="1" type="stmt"/>
          <line num="76" count="1" type="stmt"/>
          <line num="82" count="0" type="stmt"/>
          <line num="83" count="0" type="stmt"/>
          <line num="84" count="0" type="stmt"/>
          <line num="85" count="0" type="stmt"/>
          <line num="89" count="0" type="stmt"/>
          <line num="90" count="0" type="stmt"/>
          <line num="92" count="0" type="cond" truecount="0" falsecount="2"/>
          <line num="93" count="0" type="stmt"/>
          <line num="94" count="0" type="stmt"/>
          <line num="95" count="0" type="cond" truecount="0" falsecount="2"/>
          <line num="96" count="0" type="stmt"/>
          <line num="98" count="0" type="stmt"/>
          <line num="99" count="0" type="stmt"/>
          <line num="102" count="0" type="stmt"/>
          <line num="103" count="0" type="stmt"/>
          <line num="108" count="0" type="stmt"/>
          <line num="109" count="0" type="stmt"/>
          <line num="110" count="0" type="cond" truecount="0" falsecount="2"/>
          <line num="111" count="0" type="stmt"/>
          <line num="112" count="0" type="stmt"/>
          <line num="113" count="0" type="stmt"/>
          <line num="115" count="0" type="stmt"/>
          <line num="116" count="0" type="stmt"/>
          <line num="117" count="0" type="stmt"/>
          <line num="120" count="0" type="stmt"/>
          <line num="121" count="0" type="stmt"/>
          <line num="123" count="0" type="stmt"/>
          <line num="130" count="0" type="stmt"/>
          <line num="133" count="0" type="stmt"/>
          <line num="135" count="0" type="stmt"/>
          <line num="136" count="0" type="stmt"/>
          <line num="138" count="0" type="stmt"/>
          <line num="139" count="0" type="stmt"/>
          <line num="142" count="0" type="stmt"/>
          <line num="148" count="0" type="stmt"/>
          <line num="151" count="0" type="cond" truecount="0" falsecount="4"/>
          <line num="152" count="0" type="stmt"/>
          <line num="164" count="0" type="stmt"/>
          <line num="173" count="0" type="stmt"/>
          <line num="183" count="0" type="cond" truecount="0" falsecount="2"/>
          <line num="184" count="0" type="stmt"/>
        </file>
        <file name="router.js" path="/Users/pkl/Documents/projects/colourlist/colourlist/src/router.js">
          <metrics statements="1" coveredstatements="1" conditionals="0" coveredconditionals="0" methods="0" coveredmethods="0"/>
          <line num="4" count="1" type="stmt"/>
        </file>
      </package>
      <package name="src.api">
        <metrics statements="4" coveredstatements="4" conditionals="0" coveredconditionals="0" methods="0" coveredmethods="0"/>
        <file name="firebase.js" path="/Users/pkl/Documents/projects/colourlist/colourlist/src/api/firebase.js">
          <metrics statements="4" coveredstatements="4" conditionals="0" coveredconditionals="0" methods="0" coveredmethods="0"/>
          <line num="7" count="6" type="stmt"/>
          <line num="9" count="6" type="stmt"/>
          <line num="11" count="6" type="stmt"/>
          <line num="14" count="6" type="stmt"/>
        </file>
      </package>
      <package name="src.assets.scripts">
        <metrics statements="48" coveredstatements="45" conditionals="36" coveredconditionals="32" methods="4" coveredmethods="4"/>
        <file name="name-that-color.js" path="/Users/pkl/Documents/projects/colourlist/colourlist/src/assets/scripts/name-that-color.js">
          <metrics statements="48" coveredstatements="45" conditionals="36" coveredconditionals="32" methods="4" coveredmethods="4"/>
          <line num="33" count="8" type="stmt"/>
          <line num="37" count="8" type="stmt"/>
          <line num="39" count="12528" type="stmt"/>
          <line num="40" count="12528" type="stmt"/>
          <line num="41" count="12528" type="stmt"/>
          <line num="42" count="12528" type="stmt"/>
          <line num="48" count="2" type="stmt"/>
          <line num="49" count="2" type="cond" truecount="3" falsecount="1"/>
          <line num="50" count="0" type="stmt"/>
          <line num="51" count="2" type="cond" truecount="1" falsecount="1"/>
          <line num="52" count="0" type="stmt"/>
          <line num="53" count="2" type="cond" truecount="2" falsecount="0"/>
          <line num="54" count="1" type="stmt"/>
          <line num="56" count="2" type="stmt"/>
          <line num="57" count="2" type="stmt"/>
          <line num="58" count="2" type="stmt"/>
          <line num="59" count="2" type="stmt"/>
          <line num="60" count="2" type="stmt"/>
          <line num="61" count="2" type="stmt"/>
          <line num="62" count="2" type="stmt"/>
          <line num="63" count="2" type="stmt"/>
          <line num="65" count="2" type="stmt"/>
          <line num="67" count="3001" type="cond" truecount="2" falsecount="0"/>
          <line num="68" count="2" type="stmt"/>
          <line num="70" count="2999" type="stmt"/>
          <line num="71" count="2999" type="stmt"/>
          <line num="72" count="2999" type="stmt"/>
          <line num="73" count="2999" type="cond" truecount="4" falsecount="0"/>
          <line num="75" count="113" type="stmt"/>
          <line num="76" count="113" type="stmt"/>
          <line num="80" count="0" type="cond" truecount="0" falsecount="2"/>
          <line num="87" count="12530" type="stmt"/>
          <line num="89" count="12530" type="stmt"/>
          <line num="91" count="12530" type="stmt"/>
          <line num="92" count="12530" type="stmt"/>
          <line num="93" count="12530" type="stmt"/>
          <line num="94" count="12530" type="stmt"/>
          <line num="96" count="12530" type="stmt"/>
          <line num="97" count="12530" type="cond" truecount="4" falsecount="0"/>
          <line num="98" count="12513" type="cond" truecount="2" falsecount="0"/>
          <line num="100" count="12530" type="stmt"/>
          <line num="101" count="12530" type="cond" truecount="2" falsecount="0"/>
          <line num="103" count="12409" type="cond" truecount="4" falsecount="0"/>
          <line num="104" count="12409" type="cond" truecount="4" falsecount="0"/>
          <line num="105" count="12409" type="cond" truecount="4" falsecount="0"/>
          <line num="106" count="12409" type="stmt"/>
          <line num="108" count="12530" type="stmt"/>
          <line num="114" count="12530" type="stmt"/>
        </file>
      </package>
      <package name="src.components">
        <metrics statements="93" coveredstatements="43" conditionals="59" coveredconditionals="8" methods="6" coveredmethods="1"/>
        <file name="ConfigForm.vue" path="/Users/pkl/Documents/projects/colourlist/colourlist/src/components/ConfigForm.vue">
          <metrics statements="4" coveredstatements="3" conditionals="0" coveredconditionals="0" methods="0" coveredmethods="0"/>
          <line num="35" count="2" type="stmt"/>
          <line num="36" count="2" type="stmt"/>
          <line num="37" count="2" type="stmt"/>
          <line num="46" count="0" type="stmt"/>
        </file>
        <file name="FilePanel.vue" path="/Users/pkl/Documents/projects/colourlist/colourlist/src/components/FilePanel.vue">
          <metrics statements="29" coveredstatements="14" conditionals="23" coveredconditionals="7" methods="0" coveredmethods="0"/>
          <line num="29" count="2" type="stmt"/>
          <line num="30" count="2" type="stmt"/>
          <line num="31" count="2" type="stmt"/>
          <line num="33" count="2" type="stmt"/>
          <line num="46" count="0" type="stmt"/>
          <line num="50" count="0" type="cond" truecount="0" falsecount="2"/>
          <line num="52" count="0" type="stmt"/>
          <line num="55" count="0" type="stmt"/>
          <line num="71" count="1" type="stmt"/>
          <line num="75" count="1" type="stmt"/>
          <line num="78" count="0" type="stmt"/>
          <line num="83" count="1" type="stmt"/>
          <line num="85" count="0" type="stmt"/>
          <line num="88" count="1" type="stmt"/>
          <line num="93" count="1" type="stmt"/>
          <line num="95" count="1" type="stmt"/>
          <line num="98" count="0" type="stmt"/>
          <line num="102" count="0" type="stmt"/>
          <line num="105" count="0" type="stmt"/>
          <line num="108" count="0" type="stmt"/>
          <line num="111" count="0" type="stmt"/>
          <line num="116" count="1" type="stmt"/>
          <line num="118" count="0" type="stmt"/>
          <line num="122" count="0" type="stmt"/>
          <line num="125" count="0" type="stmt"/>
          <line num="128" count="1" type="stmt"/>
          <line num="133" count="1" type="stmt"/>
          <line num="136" count="0" type="stmt"/>
          <line num="139" count="1" type="stmt"/>
        </file>
        <file name="List.vue" path="/Users/pkl/Documents/projects/colourlist/colourlist/src/components/List.vue">
          <metrics statements="36" coveredstatements="8" conditionals="25" coveredconditionals="0" methods="2" coveredmethods="0"/>
          <line num="33" count="2" type="stmt"/>
          <line num="34" count="2" type="stmt"/>
          <line num="35" count="2" type="stmt"/>
          <line num="36" count="2" type="stmt"/>
          <line num="45" count="0" type="stmt"/>
          <line num="49" count="0" type="cond" truecount="0" falsecount="2"/>
          <line num="60" count="1" type="stmt"/>
          <line num="63" count="1" type="stmt"/>
          <line num="65" count="0" type="stmt"/>
          <line num="66" count="0" type="stmt"/>
          <line num="67" count="0" type="stmt"/>
          <line num="70" count="0" type="stmt"/>
          <line num="71" count="0" type="stmt"/>
          <line num="74" count="0" type="stmt"/>
          <line num="75" count="0" type="stmt"/>
          <line num="76" count="0" type="stmt"/>
          <line num="77" count="0" type="cond" truecount="0" falsecount="2"/>
          <line num="79" count="0" type="cond" truecount="0" falsecount="4"/>
          <line num="80" count="0" type="cond" truecount="0" falsecount="2"/>
          <line num="81" count="0" type="stmt"/>
          <line num="82" count="0" type="cond" truecount="0" falsecount="2"/>
          <line num="83" count="0" type="cond" truecount="0" falsecount="2"/>
          <line num="84" count="0" type="stmt"/>
          <line num="85" count="0" type="cond" truecount="0" falsecount="2"/>
          <line num="86" count="0" type="stmt"/>
          <line num="90" count="0" type="stmt"/>
          <line num="94" count="1" type="stmt"/>
          <line num="95" count="0" type="stmt"/>
          <line num="96" count="0" type="stmt"/>
          <line num="97" count="0" type="cond" truecount="0" falsecount="2"/>
          <line num="98" count="0" type="cond" truecount="0" falsecount="2"/>
          <line num="99" count="0" type="stmt"/>
          <line num="102" count="1" type="stmt"/>
          <line num="106" count="0" type="stmt"/>
          <line num="111" count="0" type="stmt"/>
          <line num="114" count="0" type="stmt"/>
        </file>
        <file name="NewColour.vue" path="/Users/pkl/Documents/projects/colourlist/colourlist/src/components/NewColour.vue">
          <metrics statements="16" coveredstatements="11" conditionals="5" coveredconditionals="1" methods="1" coveredmethods="1"/>
          <line num="82" count="2" type="stmt"/>
          <line num="83" count="2" type="stmt"/>
          <line num="84" count="2" type="stmt"/>
          <line num="85" count="2" type="stmt"/>
          <line num="86" count="2" type="stmt"/>
          <line num="87" count="2" type="stmt"/>
          <line num="88" count="2" type="stmt"/>
          <line num="100" count="1" type="stmt"/>
          <line num="108" count="1" type="stmt"/>
          <line num="115" count="0" type="stmt"/>
          <line num="119" count="0" type="stmt"/>
          <line num="123" count="0" type="stmt"/>
          <line num="137" count="1" type="stmt"/>
          <line num="142" count="0" type="stmt"/>
          <line num="145" count="1" type="stmt"/>
          <line num="158" count="0" type="stmt"/>
        </file>
        <file name="Output.vue" path="/Users/pkl/Documents/projects/colourlist/colourlist/src/components/Output.vue">
          <metrics statements="8" coveredstatements="7" conditionals="6" coveredconditionals="0" methods="3" coveredmethods="0"/>
          <line num="12" count="2" type="stmt"/>
          <line num="13" count="2" type="stmt"/>
          <line num="22" count="0" type="cond" truecount="0" falsecount="2"/>
          <line num="29" count="1" type="cond" truecount="0" falsecount="2"/>
          <line num="32" count="1" type="cond" truecount="0" falsecount="2"/>
          <line num="39" count="1" type="stmt"/>
          <line num="42" count="1" type="stmt"/>
          <line num="45" count="1" type="stmt"/>
        </file>
      </package>
      <package name="src.components.views">
        <metrics statements="5" coveredstatements="1" conditionals="3" coveredconditionals="0" methods="1" coveredmethods="1"/>
        <file name="Throbber.vue" path="/Users/pkl/Documents/projects/colourlist/colourlist/src/components/views/Throbber.vue">
          <metrics statements="5" coveredstatements="1" conditionals="3" coveredconditionals="0" methods="1" coveredmethods="1"/>
          <line num="19" count="1" type="stmt"/>
          <line num="36" count="0" type="stmt"/>
          <line num="38" count="0" type="stmt"/>
          <line num="41" count="0" type="stmt"/>
          <line num="44" count="0" type="stmt"/>
        </file>
      </package>
      <package name="src.constants">
        <metrics statements="3" coveredstatements="3" conditionals="0" coveredconditionals="0" methods="0" coveredmethods="0"/>
        <file name="index.js" path="/Users/pkl/Documents/projects/colourlist/colourlist/src/constants/index.js">
          <metrics statements="3" coveredstatements="3" conditionals="0" coveredconditionals="0" methods="0" coveredmethods="0"/>
          <line num="3" count="7" type="stmt"/>
          <line num="13" count="7" type="stmt"/>
          <line num="15" count="7" type="stmt"/>
        </file>
      </package>
      <package name="src.helpers">
        <metrics statements="7" coveredstatements="7" conditionals="4" coveredconditionals="4" methods="1" coveredmethods="1"/>
        <file name="GetColourName.js" path="/Users/pkl/Documents/projects/colourlist/colourlist/src/helpers/GetColourName.js">
          <metrics statements="6" coveredstatements="6" conditionals="4" coveredconditionals="4" methods="1" coveredmethods="1"/>
          <line num="4" count="8" type="stmt"/>
          <line num="6" count="8" type="stmt"/>
          <line num="7" count="4" type="cond" truecount="4" falsecount="0"/>
          <line num="8" count="2" type="stmt"/>
          <line num="9" count="2" type="stmt"/>
          <line num="11" count="2" type="stmt"/>
        </file>
        <file name="Patterns.js" path="/Users/pkl/Documents/projects/colourlist/colourlist/src/helpers/Patterns.js">
          <metrics statements="1" coveredstatements="1" conditionals="0" coveredconditionals="0" methods="0" coveredmethods="0"/>
          <line num="2" count="8" type="stmt"/>
        </file>
      </package>
      <package name="src.store">
        <metrics statements="17" coveredstatements="17" conditionals="0" coveredconditionals="0" methods="0" coveredmethods="0"/>
        <file name="action-types.js" path="/Users/pkl/Documents/projects/colourlist/colourlist/src/store/action-types.js">
          <metrics statements="6" coveredstatements="6" conditionals="0" coveredconditionals="0" methods="0" coveredmethods="0"/>
          <line num="3" count="7" type="stmt"/>
          <line num="6" count="7" type="stmt"/>
          <line num="7" count="7" type="stmt"/>
          <line num="8" count="7" type="stmt"/>
          <line num="9" count="7" type="stmt"/>
          <line num="12" count="7" type="stmt"/>
        </file>
        <file name="index.js" path="/Users/pkl/Documents/projects/colourlist/colourlist/src/store/index.js">
          <metrics statements="1" coveredstatements="1" conditionals="0" coveredconditionals="0" methods="0" coveredmethods="0"/>
          <line num="5" count="6" type="stmt"/>
        </file>
        <file name="mutation-types.js" path="/Users/pkl/Documents/projects/colourlist/colourlist/src/store/mutation-types.js">
          <metrics statements="10" coveredstatements="10" conditionals="0" coveredconditionals="0" methods="0" coveredmethods="0"/>
          <line num="3" count="7" type="stmt"/>
          <line num="4" count="7" type="stmt"/>
          <line num="5" count="7" type="stmt"/>
          <line num="6" count="7" type="stmt"/>
          <line num="7" count="7" type="stmt"/>
          <line num="10" count="7" type="stmt"/>
          <line num="13" count="7" type="stmt"/>
          <line num="14" count="7" type="stmt"/>
          <line num="17" count="7" type="stmt"/>
          <line num="18" count="7" type="stmt"/>
        </file>
      </package>
      <package name="src.store.modules">
        <metrics statements="75" coveredstatements="34" conditionals="19" coveredconditionals="5" methods="16" coveredmethods="10"/>
        <file name="cloud.js" path="/Users/pkl/Documents/projects/colourlist/colourlist/src/store/modules/cloud.js">
          <metrics statements="22" coveredstatements="9" conditionals="2" coveredconditionals="0" methods="6" coveredmethods="3"/>
          <line num="11" count="6" type="stmt"/>
          <line num="16" count="6" type="stmt"/>
          <line num="18" count="1" type="stmt"/>
          <line num="22" count="1" type="stmt"/>
          <line num="26" count="6" type="stmt"/>
          <line num="29" count="1" type="stmt"/>
          <line num="31" count="0" type="stmt"/>
          <line num="32" count="0" type="stmt"/>
          <line num="36" count="1" type="stmt"/>
          <line num="37" count="1" type="stmt"/>
          <line num="38" count="1" type="stmt"/>
          <line num="44" count="0" type="stmt"/>
          <line num="48" count="0" type="stmt"/>
          <line num="50" count="0" type="stmt"/>
          <line num="51" count="0" type="cond" truecount="0" falsecount="2"/>
          <line num="53" count="0" type="stmt"/>
          <line num="54" count="0" type="stmt"/>
          <line num="55" count="0" type="stmt"/>
          <line num="56" count="0" type="stmt"/>
          <line num="59" count="0" type="stmt"/>
          <line num="60" count="0" type="stmt"/>
          <line num="66" count="0" type="stmt"/>
        </file>
        <file name="colourList.js" path="/Users/pkl/Documents/projects/colourlist/colourlist/src/store/modules/colourList.js">
          <metrics statements="39" coveredstatements="18" conditionals="15" coveredconditionals="4" methods="5" coveredmethods="4"/>
          <line num="15" count="12" type="stmt"/>
          <line num="21" count="7" type="stmt"/>
          <line num="23" count="2" type="stmt"/>
          <line num="24" count="2" type="stmt"/>
          <line num="25" count="2" type="stmt"/>
          <line num="26" count="2" type="stmt"/>
          <line num="30" count="3" type="stmt"/>
          <line num="35" count="3" type="stmt"/>
          <line num="38" count="1" type="cond" truecount="1" falsecount="1"/>
          <line num="39" count="0" type="stmt"/>
          <line num="40" count="0" type="stmt"/>
          <line num="45" count="1" type="cond" truecount="1" falsecount="1"/>
          <line num="46" count="0" type="stmt"/>
          <line num="47" count="0" type="stmt"/>
          <line num="49" count="1" type="stmt"/>
          <line num="50" count="1" type="stmt"/>
          <line num="55" count="2" type="stmt"/>
          <line num="59" count="7" type="stmt"/>
          <line num="62" count="1" type="cond" truecount="1" falsecount="1"/>
          <line num="63" count="1" type="cond" truecount="1" falsecount="1"/>
          <line num="66" count="1" type="stmt"/>
          <line num="69" count="0" type="stmt"/>
          <line num="70" count="0" type="stmt"/>
          <line num="71" count="0" type="stmt"/>
          <line num="75" count="0" type="stmt"/>
          <line num="76" count="0" type="stmt"/>
          <line num="77" count="0" type="cond" truecount="0" falsecount="2"/>
          <line num="80" count="0" type="cond" truecount="0" falsecount="3"/>
          <line num="82" count="0" type="stmt"/>
          <line num="83" count="0" type="stmt"/>
          <line num="84" count="0" type="stmt"/>
          <line num="87" count="0" type="stmt"/>
          <line num="91" count="0" type="stmt"/>
          <line num="95" count="0" type="stmt"/>
          <line num="99" count="7" type="stmt"/>
          <line num="101" count="0" type="stmt"/>
          <line num="104" count="0" type="stmt"/>
          <line num="107" count="0" type="cond" truecount="0" falsecount="2"/>
          <line num="108" count="0" type="stmt"/>
        </file>
        <file name="index.js" path="/Users/pkl/Documents/projects/colourlist/colourlist/src/store/modules/index.js">
          <metrics statements="0" coveredstatements="0" conditionals="0" coveredconditionals="0" methods="0" coveredmethods="0"/>
        </file>
        <file name="project.js" path="/Users/pkl/Documents/projects/colourlist/colourlist/src/store/modules/project.js">
          <metrics statements="8" coveredstatements="3" conditionals="0" coveredconditionals="0" methods="2" coveredmethods="1"/>
          <line num="5" count="6" type="stmt"/>
          <line num="10" count="6" type="stmt"/>
          <line num="12" count="0" type="stmt"/>
          <line num="13" count="0" type="stmt"/>
          <line num="17" count="0" type="stmt"/>
          <line num="21" count="6" type="stmt"/>
          <line num="23" count="0" type="stmt"/>
          <line num="24" count="0" type="stmt"/>
        </file>
        <file name="settings.js" path="/Users/pkl/Documents/projects/colourlist/colourlist/src/store/modules/settings.js">
          <metrics statements="6" coveredstatements="4" conditionals="2" coveredconditionals="1" methods="3" coveredmethods="2"/>
          <line num="3" count="6" type="stmt"/>
          <line num="8" count="6" type="stmt"/>
          <line num="9" count="1" type="cond" truecount="1" falsecount="1"/>
          <line num="12" count="6" type="stmt"/>
          <line num="14" count="0" type="stmt"/>
          <line num="15" count="0" type="stmt"/>
        </file>
      </package>
    </metrics>
  </project>
</coverage>
