{"/Users/pkl/Documents/projects/colourlist/colourlist/src/App.vue": {"path":"/Users/pkl/Documents/projects/colourlist/colourlist/src/App.vue","statementMap":{"0":{"start":{"line":25,"column":0},"end":{"line":null,"column":-1}},"1":{"start":{"line":26,"column":0},"end":{"line":null,"column":-1}},"2":{"start":{"line":27,"column":0},"end":{"line":null,"column":-1}},"3":{"start":{"line":28,"column":0},"end":{"line":null,"column":-1}},"4":{"start":{"line":29,"column":0},"end":{"line":null,"column":-1}},"5":{"start":{"line":30,"column":0},"end":{"line":null,"column":-1}},"6":{"start":{"line":31,"column":0},"end":{"line":null,"column":-1}},"7":{"start":{"line":32,"column":0},"end":{"line":null,"column":-1}},"8":{"start":{"line":33,"column":0},"end":{"line":null,"column":-1}},"9":{"start":{"line":34,"column":0},"end":{"line":null,"column":-1}},"10":{"start":{"line":35,"column":0},"end":{"line":null,"column":-1}},"11":{"start":{"line":36,"column":0},"end":{"line":null,"column":-1}},"12":{"start":{"line":38,"column":0},"end":{"line":null,"column":-1}},"13":{"start":{"line":63,"column":0},"end":{"line":null,"column":-1}},"14":{"start":{"line":76,"column":0},"end":{"line":null,"column":-1}},"15":{"start":{"line":82,"column":0},"end":{"line":null,"column":-1}},"16":{"start":{"line":83,"column":0},"end":{"line":null,"column":-1}},"17":{"start":{"line":84,"column":0},"end":{"line":null,"column":-1}},"18":{"start":{"line":85,"column":0},"end":{"line":null,"column":-1}},"19":{"start":{"line":89,"column":0},"end":{"line":null,"column":-1}},"20":{"start":{"line":90,"column":0},"end":{"line":104,"column":0}},"21":{"start":{"line":92,"column":0},"end":{"line":100,"column":0}},"22":{"start":{"line":93,"column":0},"end":{"line":null,"column":-1}},"23":{"start":{"line":94,"column":0},"end":{"line":null,"column":-1}},"24":{"start":{"line":95,"column":0},"end":{"line":null,"column":-1}},"25":{"start":{"line":96,"column":0},"end":{"line":null,"column":-1}},"26":{"start":{"line":98,"column":0},"end":{"line":null,"column":-1}},"27":{"start":{"line":99,"column":0},"end":{"line":null,"column":-1}},"28":{"start":{"line":102,"column":0},"end":{"line":null,"column":-1}},"29":{"start":{"line":103,"column":0},"end":{"line":null,"column":-1}},"30":{"start":{"line":108,"column":0},"end":{"line":null,"column":-1}},"31":{"start":{"line":109,"column":0},"end":{"line":null,"column":-1}},"32":{"start":{"line":110,"column":0},"end":{"line":125,"column":0}},"33":{"start":{"line":111,"column":0},"end":{"line":null,"column":-1}},"34":{"start":{"line":112,"column":0},"end":{"line":null,"column":-1}},"35":{"start":{"line":113,"column":0},"end":{"line":118,"column":0}},"36":{"start":{"line":115,"column":0},"end":{"line":null,"column":-1}},"37":{"start":{"line":116,"column":0},"end":{"line":null,"column":-1}},"38":{"start":{"line":117,"column":0},"end":{"line":null,"column":-1}},"39":{"start":{"line":120,"column":0},"end":{"line":null,"column":-1}},"40":{"start":{"line":121,"column":0},"end":{"line":124,"column":0}},"41":{"start":{"line":123,"column":0},"end":{"line":null,"column":-1}},"42":{"start":{"line":130,"column":0},"end":{"line":null,"column":-1}},"43":{"start":{"line":133,"column":0},"end":{"line":null,"column":-1}},"44":{"start":{"line":135,"column":0},"end":{"line":144,"column":0}},"45":{"start":{"line":136,"column":0},"end":{"line":143,"column":0}},"46":{"start":{"line":138,"column":0},"end":{"line":null,"column":-1}},"47":{"start":{"line":139,"column":0},"end":{"line":null,"column":-1}},"48":{"start":{"line":142,"column":0},"end":{"line":null,"column":-1}},"49":{"start":{"line":148,"column":0},"end":{"line":null,"column":-1}},"50":{"start":{"line":151,"column":0},"end":{"line":153,"column":0}},"51":{"start":{"line":152,"column":0},"end":{"line":null,"column":-1}},"52":{"start":{"line":164,"column":0},"end":{"line":null,"column":-1}},"53":{"start":{"line":173,"column":0},"end":{"line":null,"column":-1}},"54":{"start":{"line":183,"column":0},"end":{"line":185,"column":0}},"55":{"start":{"line":184,"column":0},"end":{"line":null,"column":-1}}},"fnMap":{"0":{"name":"(anonymous_1)","decl":{"start":{"line":62,"column":0},"end":{"line":null,"column":-1}},"loc":{"start":{"line":62,"column":0},"end":{"line":73,"column":0}}},"1":{"name":"(anonymous_2)","decl":{"start":{"line":90,"column":0},"end":{"line":null,"column":-1}},"loc":{"start":{"line":90,"column":0},"end":{"line":101,"column":0}}},"2":{"name":"(anonymous_3)","decl":{"start":{"line":101,"column":0},"end":{"line":null,"column":-1}},"loc":{"start":{"line":101,"column":0},"end":{"line":104,"column":0}}},"3":{"name":"(anonymous_4)","decl":{"start":{"line":107,"column":0},"end":{"line":null,"column":-1}},"loc":{"start":{"line":107,"column":0},"end":{"line":126,"column":0}}},"4":{"name":"(anonymous_5)","decl":{"start":{"line":113,"column":0},"end":{"line":null,"column":-1}},"loc":{"start":{"line":113,"column":0},"end":{"line":118,"column":0}}},"5":{"name":"(anonymous_6)","decl":{"start":{"line":121,"column":0},"end":{"line":null,"column":-1}},"loc":{"start":{"line":121,"column":0},"end":{"line":124,"column":0}}},"6":{"name":"(anonymous_7)","decl":{"start":{"line":128,"column":0},"end":{"line":null,"column":-1}},"loc":{"start":{"line":128,"column":0},"end":{"line":145,"column":0}}},"7":{"name":"(anonymous_8)","decl":{"start":{"line":130,"column":0},"end":{"line":null,"column":-1}},"loc":{"start":{"line":130,"column":0},"end":{"line":null,"column":-1}}},"8":{"name":"(anonymous_9)","decl":{"start":{"line":135,"column":0},"end":{"line":null,"column":-1}},"loc":{"start":{"line":135,"column":0},"end":{"line":144,"column":0}}},"9":{"name":"(anonymous_10)","decl":{"start":{"line":136,"column":0},"end":{"line":null,"column":-1}},"loc":{"start":{"line":136,"column":0},"end":{"line":140,"column":0}}},"10":{"name":"(anonymous_11)","decl":{"start":{"line":140,"column":0},"end":{"line":null,"column":-1}},"loc":{"start":{"line":140,"column":0},"end":{"line":143,"column":0}}}},"branchMap":{"0":{"loc":{"start":{"line":92,"column":0},"end":{"line":100,"column":0}},"type":"if","locations":[{"start":{"line":92,"column":0},"end":{"line":100,"column":0}},{"start":{"line":92,"column":0},"end":{"line":100,"column":0}}]},"1":{"loc":{"start":{"line":95,"column":0},"end":{"line":null,"column":-1}},"type":"binary-expr","locations":[{"start":{"line":95,"column":0},"end":{"line":null,"column":-1}},{"start":{"line":95,"column":0},"end":{"line":null,"column":-1}}]},"2":{"loc":{"start":{"line":110,"column":0},"end":{"line":125,"column":0}},"type":"if","locations":[{"start":{"line":110,"column":0},"end":{"line":125,"column":0}},{"start":{"line":110,"column":0},"end":{"line":125,"column":0}}]},"3":{"loc":{"start":{"line":151,"column":0},"end":{"line":153,"column":0}},"type":"if","locations":[{"start":{"line":151,"column":0},"end":{"line":153,"column":0}},{"start":{"line":151,"column":0},"end":{"line":153,"column":0}}]},"4":{"loc":{"start":{"line":151,"column":0},"end":{"line":null,"column":-1}},"type":"binary-expr","locations":[{"start":{"line":151,"column":0},"end":{"line":null,"column":-1}},{"start":{"line":151,"column":0},"end":{"line":null,"column":-1}}]},"5":{"loc":{"start":{"line":183,"column":0},"end":{"line":185,"column":0}},"type":"if","locations":[{"start":{"line":183,"column":0},"end":{"line":185,"column":0}},{"start":{"line":183,"column":0},"end":{"line":185,"column":0}}]}},"s":{"0":1,"1":1,"2":1,"3":1,"4":1,"5":1,"6":1,"7":1,"8":1,"9":1,"10":1,"11":1,"12":1,"13":1,"14":1,"15":0,"16":0,"17":0,"18":0,"19":0,"20":0,"21":0,"22":0,"23":0,"24":0,"25":0,"26":0,"27":0,"28":0,"29":0,"30":0,"31":0,"32":0,"33":0,"34":0,"35":0,"36":0,"37":0,"38":0,"39":0,"40":0,"41":0,"42":0,"43":0,"44":0,"45":0,"46":0,"47":0,"48":0,"49":0,"50":0,"51":0,"52":0,"53":0,"54":0,"55":0},"f":{"0":1,"1":0,"2":0,"3":0,"4":0,"5":0,"6":0,"7":0,"8":0,"9":0,"10":0},"b":{"0":[0,0],"1":[0,0],"2":[0,0],"3":[0,0],"4":[0,0],"5":[0,0]}}
,"/Users/pkl/Documents/projects/colourlist/colourlist/src/router.js": {"path":"/Users/pkl/Documents/projects/colourlist/colourlist/src/router.js","statementMap":{"0":{"start":{"line":4,"column":0},"end":{"line":4,"column":15}}},"fnMap":{},"branchMap":{},"s":{"0":1},"f":{},"b":{},"_coverageSchema":"332fd63041d2c1bcb487cc26dd0d5f7d97098a6c","hash":"2d5022928eab13cb2855cd2b41561ab0e6d39161"}
,"/Users/pkl/Documents/projects/colourlist/colourlist/src/api/firebase.js": {"path":"/Users/pkl/Documents/projects/colourlist/colourlist/src/api/firebase.js","statementMap":{"0":{"start":{"line":7,"column":0},"end":{"line":7,"column":30}},"1":{"start":{"line":9,"column":11},"end":{"line":9,"column":31}},"2":{"start":{"line":11,"column":26},"end":{"line":11,"column":51}},"3":{"start":{"line":14,"column":13},"end":{"line":14,"column":28}}},"fnMap":{},"branchMap":{},"s":{"0":6,"1":6,"2":6,"3":6},"f":{},"b":{},"_coverageSchema":"332fd63041d2c1bcb487cc26dd0d5f7d97098a6c","hash":"88f6c040bc98d29fff4935da1253cc81318603c7"}
,"/Users/pkl/Documents/projects/colourlist/colourlist/src/assets/scripts/name-that-color.js": {"path":"/Users/pkl/Documents/projects/colourlist/colourlist/src/assets/scripts/name-that-color.js","statementMap":{"0":{"start":{"line":33,"column":10},"end":{"line":1686,"column":1}},"1":{"start":{"line":37,"column":4},"end":{"line":43,"column":5}},"2":{"start":{"line":39,"column":6},"end":{"line":39,"column":36}},"3":{"start":{"line":40,"column":6},"end":{"line":40,"column":27}},"4":{"start":{"line":41,"column":6},"end":{"line":41,"column":27}},"5":{"start":{"line":42,"column":6},"end":{"line":42,"column":72}},"6":{"start":{"line":48,"column":4},"end":{"line":48,"column":32}},"7":{"start":{"line":49,"column":4},"end":{"line":50,"column":59}},"8":{"start":{"line":50,"column":6},"end":{"line":50,"column":59}},"9":{"start":{"line":51,"column":4},"end":{"line":52,"column":26}},"10":{"start":{"line":52,"column":6},"end":{"line":52,"column":26}},"11":{"start":{"line":53,"column":4},"end":{"line":54,"column":144}},"12":{"start":{"line":54,"column":6},"end":{"line":54,"column":144}},"13":{"start":{"line":56,"column":14},"end":{"line":56,"column":28}},"14":{"start":{"line":57,"column":12},"end":{"line":57,"column":18}},"15":{"start":{"line":57,"column":24},"end":{"line":57,"column":30}},"16":{"start":{"line":57,"column":36},"end":{"line":57,"column":42}},"17":{"start":{"line":58,"column":14},"end":{"line":58,"column":28}},"18":{"start":{"line":59,"column":12},"end":{"line":59,"column":18}},"19":{"start":{"line":59,"column":24},"end":{"line":59,"column":30}},"20":{"start":{"line":59,"column":36},"end":{"line":59,"column":42}},"21":{"start":{"line":60,"column":15},"end":{"line":60,"column":16}},"22":{"start":{"line":61,"column":15},"end":{"line":61,"column":16}},"23":{"start":{"line":62,"column":14},"end":{"line":62,"column":15}},"24":{"start":{"line":63,"column":13},"end":{"line":63,"column":15}},"25":{"start":{"line":63,"column":22},"end":{"line":63,"column":24}},"26":{"start":{"line":65,"column":4},"end":{"line":78,"column":5}},"27":{"start":{"line":67,"column":6},"end":{"line":68,"column":62}},"28":{"start":{"line":68,"column":8},"end":{"line":68,"column":62}},"29":{"start":{"line":70,"column":6},"end":{"line":70,"column":116}},"30":{"start":{"line":71,"column":6},"end":{"line":71,"column":116}},"31":{"start":{"line":72,"column":6},"end":{"line":72,"column":28}},"32":{"start":{"line":73,"column":6},"end":{"line":77,"column":7}},"33":{"start":{"line":75,"column":8},"end":{"line":75,"column":17}},"34":{"start":{"line":76,"column":8},"end":{"line":76,"column":15}},"35":{"start":{"line":80,"column":4},"end":{"line":80,"column":120}},"36":{"start":{"line":87,"column":14},"end":{"line":87,"column":152}},"37":{"start":{"line":89,"column":12},"end":{"line":89,"column":18}},"38":{"start":{"line":89,"column":24},"end":{"line":89,"column":30}},"39":{"start":{"line":89,"column":36},"end":{"line":89,"column":42}},"40":{"start":{"line":91,"column":4},"end":{"line":91,"column":38}},"41":{"start":{"line":92,"column":4},"end":{"line":92,"column":38}},"42":{"start":{"line":93,"column":4},"end":{"line":93,"column":22}},"43":{"start":{"line":94,"column":4},"end":{"line":94,"column":24}},"44":{"start":{"line":96,"column":4},"end":{"line":96,"column":10}},"45":{"start":{"line":97,"column":4},"end":{"line":98,"column":52}},"46":{"start":{"line":98,"column":6},"end":{"line":98,"column":52}},"47":{"start":{"line":100,"column":4},"end":{"line":100,"column":10}},"48":{"start":{"line":101,"column":4},"end":{"line":107,"column":5}},"49":{"start":{"line":103,"column":6},"end":{"line":103,"column":53}},"50":{"start":{"line":103,"column":32},"end":{"line":103,"column":53}},"51":{"start":{"line":104,"column":6},"end":{"line":104,"column":59}},"52":{"start":{"line":104,"column":32},"end":{"line":104,"column":59}},"53":{"start":{"line":105,"column":6},"end":{"line":105,"column":59}},"54":{"start":{"line":105,"column":32},"end":{"line":105,"column":59}},"55":{"start":{"line":106,"column":6},"end":{"line":106,"column":13}},"56":{"start":{"line":108,"column":4},"end":{"line":108,"column":69}},"57":{"start":{"line":114,"column":4},"end":{"line":114,"column":133}}},"fnMap":{"0":{"name":"(anonymous_0)","decl":{"start":{"line":35,"column":8},"end":{"line":35,"column":9}},"loc":{"start":{"line":35,"column":19},"end":{"line":44,"column":3}},"line":35},"1":{"name":"(anonymous_1)","decl":{"start":{"line":46,"column":8},"end":{"line":46,"column":9}},"loc":{"start":{"line":46,"column":24},"end":{"line":81,"column":3}},"line":46},"2":{"name":"(anonymous_2)","decl":{"start":{"line":85,"column":7},"end":{"line":85,"column":8}},"loc":{"start":{"line":85,"column":24},"end":{"line":109,"column":3}},"line":85},"3":{"name":"(anonymous_3)","decl":{"start":{"line":113,"column":7},"end":{"line":113,"column":8}},"loc":{"start":{"line":113,"column":23},"end":{"line":115,"column":3}},"line":113}},"branchMap":{"0":{"loc":{"start":{"line":49,"column":4},"end":{"line":50,"column":59}},"type":"if","locations":[{"start":{"line":49,"column":4},"end":{"line":50,"column":59}},{"start":{"line":49,"column":4},"end":{"line":50,"column":59}}],"line":49},"1":{"loc":{"start":{"line":49,"column":7},"end":{"line":49,"column":43}},"type":"binary-expr","locations":[{"start":{"line":49,"column":7},"end":{"line":49,"column":23}},{"start":{"line":49,"column":27},"end":{"line":49,"column":43}}],"line":49},"2":{"loc":{"start":{"line":51,"column":4},"end":{"line":52,"column":26}},"type":"if","locations":[{"start":{"line":51,"column":4},"end":{"line":52,"column":26}},{"start":{"line":51,"column":4},"end":{"line":52,"column":26}}],"line":51},"3":{"loc":{"start":{"line":53,"column":4},"end":{"line":54,"column":144}},"type":"if","locations":[{"start":{"line":53,"column":4},"end":{"line":54,"column":144}},{"start":{"line":53,"column":4},"end":{"line":54,"column":144}}],"line":53},"4":{"loc":{"start":{"line":67,"column":6},"end":{"line":68,"column":62}},"type":"if","locations":[{"start":{"line":67,"column":6},"end":{"line":68,"column":62}},{"start":{"line":67,"column":6},"end":{"line":68,"column":62}}],"line":67},"5":{"loc":{"start":{"line":73,"column":6},"end":{"line":77,"column":7}},"type":"if","locations":[{"start":{"line":73,"column":6},"end":{"line":77,"column":7}},{"start":{"line":73,"column":6},"end":{"line":77,"column":7}}],"line":73},"6":{"loc":{"start":{"line":73,"column":9},"end":{"line":73,"column":27}},"type":"binary-expr","locations":[{"start":{"line":73,"column":9},"end":{"line":73,"column":15}},{"start":{"line":73,"column":19},"end":{"line":73,"column":27}}],"line":73},"7":{"loc":{"start":{"line":80,"column":12},"end":{"line":80,"column":118}},"type":"cond-expr","locations":[{"start":{"line":80,"column":21},"end":{"line":80,"column":66}},{"start":{"line":80,"column":69},"end":{"line":80,"column":118}}],"line":80},"8":{"loc":{"start":{"line":97,"column":4},"end":{"line":98,"column":52}},"type":"if","locations":[{"start":{"line":97,"column":4},"end":{"line":98,"column":52}},{"start":{"line":97,"column":4},"end":{"line":98,"column":52}}],"line":97},"9":{"loc":{"start":{"line":97,"column":7},"end":{"line":97,"column":21}},"type":"binary-expr","locations":[{"start":{"line":97,"column":7},"end":{"line":97,"column":12}},{"start":{"line":97,"column":16},"end":{"line":97,"column":21}}],"line":97},"10":{"loc":{"start":{"line":98,"column":19},"end":{"line":98,"column":50}},"type":"cond-expr","locations":[{"start":{"line":98,"column":30},"end":{"line":98,"column":35}},{"start":{"line":98,"column":40},"end":{"line":98,"column":49}}],"line":98},"11":{"loc":{"start":{"line":101,"column":4},"end":{"line":107,"column":5}},"type":"if","locations":[{"start":{"line":101,"column":4},"end":{"line":107,"column":5}},{"start":{"line":101,"column":4},"end":{"line":107,"column":5}}],"line":101},"12":{"loc":{"start":{"line":103,"column":6},"end":{"line":103,"column":53}},"type":"if","locations":[{"start":{"line":103,"column":6},"end":{"line":103,"column":53}},{"start":{"line":103,"column":6},"end":{"line":103,"column":53}}],"line":103},"13":{"loc":{"start":{"line":103,"column":10},"end":{"line":103,"column":30}},"type":"binary-expr","locations":[{"start":{"line":103,"column":10},"end":{"line":103,"column":18}},{"start":{"line":103,"column":22},"end":{"line":103,"column":30}}],"line":103},"14":{"loc":{"start":{"line":104,"column":6},"end":{"line":104,"column":59}},"type":"if","locations":[{"start":{"line":104,"column":6},"end":{"line":104,"column":59}},{"start":{"line":104,"column":6},"end":{"line":104,"column":59}}],"line":104},"15":{"loc":{"start":{"line":104,"column":10},"end":{"line":104,"column":30}},"type":"binary-expr","locations":[{"start":{"line":104,"column":10},"end":{"line":104,"column":18}},{"start":{"line":104,"column":22},"end":{"line":104,"column":30}}],"line":104},"16":{"loc":{"start":{"line":105,"column":6},"end":{"line":105,"column":59}},"type":"if","locations":[{"start":{"line":105,"column":6},"end":{"line":105,"column":59}},{"start":{"line":105,"column":6},"end":{"line":105,"column":59}}],"line":105},"17":{"loc":{"start":{"line":105,"column":10},"end":{"line":105,"column":30}},"type":"binary-expr","locations":[{"start":{"line":105,"column":10},"end":{"line":105,"column":18}},{"start":{"line":105,"column":22},"end":{"line":105,"column":30}}],"line":105}},"s":{"0":8,"1":8,"2":12528,"3":12528,"4":12528,"5":12528,"6":2,"7":2,"8":0,"9":2,"10":0,"11":2,"12":1,"13":2,"14":2,"15":2,"16":2,"17":2,"18":2,"19":2,"20":2,"21":2,"22":2,"23":2,"24":2,"25":2,"26":2,"27":3001,"28":2,"29":2999,"30":2999,"31":2999,"32":2999,"33":113,"34":113,"35":0,"36":12530,"37":12530,"38":12530,"39":12530,"40":12530,"41":12530,"42":12530,"43":12530,"44":12530,"45":12530,"46":12513,"47":12530,"48":12530,"49":12409,"50":6721,"51":12409,"52":2832,"53":12409,"54":2856,"55":12409,"56":12530,"57":12530},"f":{"0":8,"1":2,"2":12530,"3":12530},"b":{"0":[0,2],"1":[2,2],"2":[0,2],"3":[1,1],"4":[2,2999],"5":[113,2886],"6":[2999,2997],"7":[0,0],"8":[12513,17],"9":[12530,12522],"10":[5808,6705],"11":[12409,121],"12":[6721,5688],"13":[12409,6841],"14":[2832,9577],"15":[12409,2936],"16":[2856,9553],"17":[12409,2920]},"_coverageSchema":"332fd63041d2c1bcb487cc26dd0d5f7d97098a6c","hash":"09bb3c98e135e8cc6b644161e3272bf28a017ee3"}
,"/Users/pkl/Documents/projects/colourlist/colourlist/src/components/ConfigForm.vue": {"path":"/Users/pkl/Documents/projects/colourlist/colourlist/src/components/ConfigForm.vue","statementMap":{"0":{"start":{"line":35,"column":0},"end":{"line":null,"column":-1}},"1":{"start":{"line":36,"column":0},"end":{"line":null,"column":-1}},"2":{"start":{"line":37,"column":0},"end":{"line":null,"column":-1}},"3":{"start":{"line":46,"column":0},"end":{"line":null,"column":-1}}},"fnMap":{},"branchMap":{},"s":{"0":2,"1":2,"2":2,"3":0},"f":{},"b":{}}
,"/Users/pkl/Documents/projects/colourlist/colourlist/src/components/FilePanel.vue": {"path":"/Users/pkl/Documents/projects/colourlist/colourlist/src/components/FilePanel.vue","statementMap":{"0":{"start":{"line":29,"column":0},"end":{"line":null,"column":-1}},"1":{"start":{"line":30,"column":0},"end":{"line":null,"column":-1}},"2":{"start":{"line":31,"column":0},"end":{"line":null,"column":-1}},"3":{"start":{"line":33,"column":0},"end":{"line":null,"column":-1}},"4":{"start":{"line":46,"column":0},"end":{"line":null,"column":-1}},"5":{"start":{"line":50,"column":0},"end":{"line":56,"column":0}},"6":{"start":{"line":52,"column":0},"end":{"line":null,"column":-1}},"7":{"start":{"line":55,"column":0},"end":{"line":null,"column":-1}},"8":{"start":{"line":71,"column":0},"end":{"line":null,"column":-1}},"9":{"start":{"line":75,"column":0},"end":{"line":null,"column":-1}},"10":{"start":{"line":78,"column":0},"end":{"line":null,"column":-1}},"11":{"start":{"line":83,"column":0},"end":{"line":null,"column":-1}},"12":{"start":{"line":85,"column":0},"end":{"line":null,"column":-1}},"13":{"start":{"line":88,"column":0},"end":{"line":null,"column":-1}},"14":{"start":{"line":93,"column":0},"end":{"line":null,"column":-1}},"15":{"start":{"line":95,"column":0},"end":{"line":null,"column":-1}},"16":{"start":{"line":98,"column":0},"end":{"line":null,"column":-1}},"17":{"start":{"line":102,"column":0},"end":{"line":null,"column":-1}},"18":{"start":{"line":105,"column":0},"end":{"line":null,"column":-1}},"19":{"start":{"line":108,"column":0},"end":{"line":null,"column":-1}},"20":{"start":{"line":111,"column":0},"end":{"line":null,"column":-1}},"21":{"start":{"line":116,"column":0},"end":{"line":null,"column":-1}},"22":{"start":{"line":118,"column":0},"end":{"line":null,"column":-1}},"23":{"start":{"line":122,"column":0},"end":{"line":null,"column":-1}},"24":{"start":{"line":125,"column":0},"end":{"line":null,"column":-1}},"25":{"start":{"line":128,"column":0},"end":{"line":null,"column":-1}},"26":{"start":{"line":133,"column":0},"end":{"line":null,"column":-1}},"27":{"start":{"line":136,"column":0},"end":{"line":null,"column":-1}},"28":{"start":{"line":139,"column":0},"end":{"line":null,"column":-1}}},"fnMap":{},"branchMap":{"0":{"loc":{"start":{"line":50,"column":0},"end":{"line":56,"column":0}},"type":"if","locations":[{"start":{"line":50,"column":0},"end":{"line":56,"column":0}},{"start":{"line":50,"column":0},"end":{"line":56,"column":0}}]},"1":{"loc":{"start":{"line":72,"column":0},"end":{"line":null,"column":-1}},"type":"switch","locations":[{"start":{"line":72,"column":0},"end":{"line":null,"column":-1}},{"start":{"line":73,"column":0},"end":{"line":null,"column":-1}},{"start":{"line":74,"column":0},"end":{"line":75,"column":0}},{"start":{"line":77,"column":0},"end":{"line":78,"column":0}}]},"2":{"loc":{"start":{"line":84,"column":0},"end":{"line":85,"column":0}},"type":"switch","locations":[{"start":{"line":84,"column":0},"end":{"line":85,"column":0}},{"start":{"line":87,"column":0},"end":{"line":88,"column":0}}]},"3":{"loc":{"start":{"line":94,"column":0},"end":{"line":95,"column":0}},"type":"switch","locations":[{"start":{"line":94,"column":0},"end":{"line":95,"column":0}},{"start":{"line":97,"column":0},"end":{"line":98,"column":0}},{"start":{"line":100,"column":0},"end":{"line":null,"column":-1}},{"start":{"line":101,"column":0},"end":{"line":102,"column":0}},{"start":{"line":104,"column":0},"end":{"line":105,"column":0}},{"start":{"line":107,"column":0},"end":{"line":108,"column":0}},{"start":{"line":110,"column":0},"end":{"line":111,"column":0}}]},"4":{"loc":{"start":{"line":117,"column":0},"end":{"line":118,"column":0}},"type":"switch","locations":[{"start":{"line":117,"column":0},"end":{"line":118,"column":0}},{"start":{"line":120,"column":0},"end":{"line":null,"column":-1}},{"start":{"line":121,"column":0},"end":{"line":122,"column":0}},{"start":{"line":124,"column":0},"end":{"line":125,"column":0}},{"start":{"line":127,"column":0},"end":{"line":128,"column":0}}]},"5":{"loc":{"start":{"line":134,"column":0},"end":{"line":null,"column":-1}},"type":"switch","locations":[{"start":{"line":134,"column":0},"end":{"line":null,"column":-1}},{"start":{"line":135,"column":0},"end":{"line":136,"column":0}},{"start":{"line":138,"column":0},"end":{"line":139,"column":0}}]}},"s":{"0":2,"1":2,"2":2,"3":2,"4":0,"5":0,"6":0,"7":0,"8":1,"9":1,"10":0,"11":1,"12":0,"13":1,"14":1,"15":1,"16":0,"17":0,"18":0,"19":0,"20":0,"21":1,"22":0,"23":0,"24":0,"25":1,"26":1,"27":0,"28":1},"f":{},"b":{"0":[0,0],"1":[1,1,1,0],"2":[0,1],"3":[1,0,0,0,0,0,0],"4":[0,0,0,0,1],"5":[0,0,1]}}
,"/Users/pkl/Documents/projects/colourlist/colourlist/src/components/List.vue": {"path":"/Users/pkl/Documents/projects/colourlist/colourlist/src/components/List.vue","statementMap":{"0":{"start":{"line":33,"column":0},"end":{"line":null,"column":-1}},"1":{"start":{"line":34,"column":0},"end":{"line":null,"column":-1}},"2":{"start":{"line":35,"column":0},"end":{"line":null,"column":-1}},"3":{"start":{"line":36,"column":0},"end":{"line":null,"column":-1}},"4":{"start":{"line":45,"column":0},"end":{"line":null,"column":-1}},"5":{"start":{"line":49,"column":0},"end":{"line":null,"column":-1}},"6":{"start":{"line":60,"column":0},"end":{"line":null,"column":-1}},"7":{"start":{"line":63,"column":0},"end":{"line":91,"column":0}},"8":{"start":{"line":65,"column":0},"end":{"line":null,"column":-1}},"9":{"start":{"line":66,"column":0},"end":{"line":null,"column":-1}},"10":{"start":{"line":67,"column":0},"end":{"line":null,"column":-1}},"11":{"start":{"line":70,"column":0},"end":{"line":null,"column":-1}},"12":{"start":{"line":71,"column":0},"end":{"line":null,"column":-1}},"13":{"start":{"line":74,"column":0},"end":{"line":null,"column":-1}},"14":{"start":{"line":75,"column":0},"end":{"line":null,"column":-1}},"15":{"start":{"line":76,"column":0},"end":{"line":null,"column":-1}},"16":{"start":{"line":77,"column":0},"end":{"line":null,"column":-1}},"17":{"start":{"line":79,"column":0},"end":{"line":88,"column":0}},"18":{"start":{"line":80,"column":0},"end":{"line":87,"column":0}},"19":{"start":{"line":81,"column":0},"end":{"line":null,"column":-1}},"20":{"start":{"line":82,"column":0},"end":{"line":null,"column":-1}},"21":{"start":{"line":83,"column":0},"end":{"line":87,"column":0}},"22":{"start":{"line":84,"column":0},"end":{"line":null,"column":-1}},"23":{"start":{"line":85,"column":0},"end":{"line":87,"column":0}},"24":{"start":{"line":86,"column":0},"end":{"line":null,"column":-1}},"25":{"start":{"line":90,"column":0},"end":{"line":null,"column":-1}},"26":{"start":{"line":94,"column":0},"end":{"line":100,"column":0}},"27":{"start":{"line":95,"column":0},"end":{"line":null,"column":-1}},"28":{"start":{"line":96,"column":0},"end":{"line":null,"column":-1}},"29":{"start":{"line":97,"column":0},"end":{"line":null,"column":-1}},"30":{"start":{"line":98,"column":0},"end":{"line":null,"column":-1}},"31":{"start":{"line":99,"column":0},"end":{"line":null,"column":-1}},"32":{"start":{"line":102,"column":0},"end":{"line":null,"column":-1}},"33":{"start":{"line":106,"column":0},"end":{"line":null,"column":-1}},"34":{"start":{"line":111,"column":0},"end":{"line":null,"column":-1}},"35":{"start":{"line":114,"column":0},"end":{"line":null,"column":-1}}},"fnMap":{"0":{"name":"(anonymous_1)","decl":{"start":{"line":63,"column":0},"end":{"line":null,"column":-1}},"loc":{"start":{"line":63,"column":0},"end":{"line":91,"column":0}}},"1":{"name":"(anonymous_2)","decl":{"start":{"line":94,"column":0},"end":{"line":null,"column":-1}},"loc":{"start":{"line":94,"column":0},"end":{"line":100,"column":0}}}},"branchMap":{"0":{"loc":{"start":{"line":49,"column":0},"end":{"line":null,"column":-1}},"type":"binary-expr","locations":[{"start":{"line":49,"column":0},"end":{"line":null,"column":-1}},{"start":{"line":49,"column":0},"end":{"line":null,"column":-1}}]},"1":{"loc":{"start":{"line":77,"column":0},"end":{"line":null,"column":-1}},"type":"cond-expr","locations":[{"start":{"line":77,"column":0},"end":{"line":null,"column":-1}},{"start":{"line":77,"column":0},"end":{"line":null,"column":-1}}]},"2":{"loc":{"start":{"line":79,"column":0},"end":{"line":88,"column":0}},"type":"if","locations":[{"start":{"line":79,"column":0},"end":{"line":88,"column":0}},{"start":{"line":79,"column":0},"end":{"line":88,"column":0}}]},"3":{"loc":{"start":{"line":79,"column":0},"end":{"line":null,"column":-1}},"type":"binary-expr","locations":[{"start":{"line":79,"column":0},"end":{"line":null,"column":-1}},{"start":{"line":79,"column":0},"end":{"line":null,"column":-1}}]},"4":{"loc":{"start":{"line":80,"column":0},"end":{"line":87,"column":0}},"type":"if","locations":[{"start":{"line":80,"column":0},"end":{"line":87,"column":0}},{"start":{"line":80,"column":0},"end":{"line":87,"column":0}}]},"5":{"loc":{"start":{"line":82,"column":0},"end":{"line":null,"column":-1}},"type":"if","locations":[{"start":{"line":82,"column":0},"end":{"line":null,"column":-1}},{"start":{"line":82,"column":0},"end":{"line":null,"column":-1}}]},"6":{"loc":{"start":{"line":83,"column":0},"end":{"line":87,"column":0}},"type":"if","locations":[{"start":{"line":83,"column":0},"end":{"line":87,"column":0}},{"start":{"line":83,"column":0},"end":{"line":87,"column":0}}]},"7":{"loc":{"start":{"line":85,"column":0},"end":{"line":87,"column":0}},"type":"if","locations":[{"start":{"line":85,"column":0},"end":{"line":87,"column":0}},{"start":{"line":85,"column":0},"end":{"line":87,"column":0}}]},"8":{"loc":{"start":{"line":97,"column":0},"end":{"line":null,"column":-1}},"type":"if","locations":[{"start":{"line":97,"column":0},"end":{"line":null,"column":-1}},{"start":{"line":97,"column":0},"end":{"line":null,"column":-1}}]},"9":{"loc":{"start":{"line":98,"column":0},"end":{"line":null,"column":-1}},"type":"if","locations":[{"start":{"line":98,"column":0},"end":{"line":null,"column":-1}},{"start":{"line":98,"column":0},"end":{"line":null,"column":-1}}]},"10":{"loc":{"start":{"line":107,"column":0},"end":{"line":null,"column":-1}},"type":"switch","locations":[{"start":{"line":107,"column":0},"end":{"line":null,"column":-1}},{"start":{"line":108,"column":0},"end":{"line":null,"column":-1}},{"start":{"line":109,"column":0},"end":{"line":null,"column":-1}},{"start":{"line":110,"column":0},"end":{"line":111,"column":0}},{"start":{"line":113,"column":0},"end":{"line":114,"column":0}}]}},"s":{"0":2,"1":2,"2":2,"3":2,"4":0,"5":0,"6":1,"7":1,"8":0,"9":0,"10":0,"11":0,"12":0,"13":0,"14":0,"15":0,"16":0,"17":0,"18":0,"19":0,"20":0,"21":0,"22":0,"23":0,"24":0,"25":0,"26":1,"27":0,"28":0,"29":0,"30":0,"31":0,"32":1,"33":0,"34":0,"35":0},"f":{"0":0,"1":0},"b":{"0":[0,0],"1":[0,0],"2":[0,0],"3":[0,0],"4":[0,0],"5":[0,0],"6":[0,0],"7":[0,0],"8":[0,0],"9":[0,0],"10":[0,0,0,0,0]}}
,"/Users/pkl/Documents/projects/colourlist/colourlist/src/components/NewColour.vue": {"path":"/Users/pkl/Documents/projects/colourlist/colourlist/src/components/NewColour.vue","statementMap":{"0":{"start":{"line":82,"column":0},"end":{"line":null,"column":-1}},"1":{"start":{"line":83,"column":0},"end":{"line":null,"column":-1}},"2":{"start":{"line":84,"column":0},"end":{"line":null,"column":-1}},"3":{"start":{"line":85,"column":0},"end":{"line":null,"column":-1}},"4":{"start":{"line":86,"column":0},"end":{"line":null,"column":-1}},"5":{"start":{"line":87,"column":0},"end":{"line":null,"column":-1}},"6":{"start":{"line":88,"column":0},"end":{"line":null,"column":-1}},"7":{"start":{"line":100,"column":0},"end":{"line":null,"column":-1}},"8":{"start":{"line":108,"column":0},"end":{"line":null,"column":-1}},"9":{"start":{"line":115,"column":0},"end":{"line":null,"column":-1}},"10":{"start":{"line":119,"column":0},"end":{"line":null,"column":-1}},"11":{"start":{"line":123,"column":0},"end":{"line":null,"column":-1}},"12":{"start":{"line":137,"column":0},"end":{"line":null,"column":-1}},"13":{"start":{"line":142,"column":0},"end":{"line":null,"column":-1}},"14":{"start":{"line":145,"column":0},"end":{"line":null,"column":-1}},"15":{"start":{"line":158,"column":0},"end":{"line":null,"column":-1}}},"fnMap":{"0":{"name":"(anonymous_1)","decl":{"start":{"line":99,"column":0},"end":{"line":null,"column":-1}},"loc":{"start":{"line":99,"column":0},"end":{"line":105,"column":0}}}},"branchMap":{"0":{"loc":{"start":{"line":138,"column":0},"end":{"line":null,"column":-1}},"type":"switch","locations":[{"start":{"line":138,"column":0},"end":{"line":null,"column":-1}},{"start":{"line":139,"column":0},"end":{"line":null,"column":-1}},{"start":{"line":140,"column":0},"end":{"line":null,"column":-1}},{"start":{"line":141,"column":0},"end":{"line":142,"column":0}},{"start":{"line":144,"column":0},"end":{"line":145,"column":0}}]}},"s":{"0":2,"1":2,"2":2,"3":2,"4":2,"5":2,"6":2,"7":1,"8":1,"9":0,"10":0,"11":0,"12":1,"13":0,"14":1,"15":0},"f":{"0":1},"b":{"0":[0,0,0,0,1]}}
,"/Users/pkl/Documents/projects/colourlist/colourlist/src/components/Output.vue": {"path":"/Users/pkl/Documents/projects/colourlist/colourlist/src/components/Output.vue","statementMap":{"0":{"start":{"line":12,"column":0},"end":{"line":null,"column":-1}},"1":{"start":{"line":13,"column":0},"end":{"line":null,"column":-1}},"2":{"start":{"line":22,"column":0},"end":{"line":null,"column":-1}},"3":{"start":{"line":29,"column":0},"end":{"line":null,"column":-1}},"4":{"start":{"line":32,"column":0},"end":{"line":null,"column":-1}},"5":{"start":{"line":39,"column":0},"end":{"line":null,"column":-1}},"6":{"start":{"line":42,"column":0},"end":{"line":null,"column":-1}},"7":{"start":{"line":45,"column":0},"end":{"line":null,"column":-1}}},"fnMap":{"0":{"name":"(anonymous_1)","decl":{"start":{"line":29,"column":0},"end":{"line":null,"column":-1}},"loc":{"start":{"line":29,"column":0},"end":{"line":null,"column":-1}}},"1":{"name":"(anonymous_2)","decl":{"start":{"line":32,"column":0},"end":{"line":null,"column":-1}},"loc":{"start":{"line":32,"column":0},"end":{"line":null,"column":-1}}},"2":{"name":"(anonymous_3)","decl":{"start":{"line":39,"column":0},"end":{"line":null,"column":-1}},"loc":{"start":{"line":39,"column":0},"end":{"line":null,"column":-1}}}},"branchMap":{"0":{"loc":{"start":{"line":22,"column":0},"end":{"line":null,"column":-1}},"type":"cond-expr","locations":[{"start":{"line":22,"column":0},"end":{"line":null,"column":-1}},{"start":{"line":22,"column":0},"end":{"line":null,"column":-1}}]},"1":{"loc":{"start":{"line":29,"column":0},"end":{"line":null,"column":-1}},"type":"cond-expr","locations":[{"start":{"line":29,"column":0},"end":{"line":null,"column":-1}},{"start":{"line":29,"column":0},"end":{"line":null,"column":-1}}]},"2":{"loc":{"start":{"line":32,"column":0},"end":{"line":null,"column":-1}},"type":"binary-expr","locations":[{"start":{"line":32,"column":0},"end":{"line":null,"column":-1}},{"start":{"line":32,"column":0},"end":{"line":null,"column":-1}}]}},"s":{"0":2,"1":2,"2":0,"3":1,"4":1,"5":1,"6":1,"7":1},"f":{"0":0,"1":0,"2":0},"b":{"0":[0,0],"1":[0,0],"2":[0,0]}}
,"/Users/pkl/Documents/projects/colourlist/colourlist/src/components/views/Throbber.vue": {"path":"/Users/pkl/Documents/projects/colourlist/colourlist/src/components/views/Throbber.vue","statementMap":{"0":{"start":{"line":19,"column":0},"end":{"line":null,"column":-1}},"1":{"start":{"line":36,"column":0},"end":{"line":null,"column":-1}},"2":{"start":{"line":38,"column":0},"end":{"line":null,"column":-1}},"3":{"start":{"line":41,"column":0},"end":{"line":null,"column":-1}},"4":{"start":{"line":44,"column":0},"end":{"line":null,"column":-1}}},"fnMap":{"0":{"name":"(anonymous_1)","decl":{"start":{"line":18,"column":0},"end":{"line":null,"column":-1}},"loc":{"start":{"line":18,"column":0},"end":{"line":25,"column":0}}}},"branchMap":{"0":{"loc":{"start":{"line":37,"column":0},"end":{"line":38,"column":0}},"type":"switch","locations":[{"start":{"line":37,"column":0},"end":{"line":38,"column":0}},{"start":{"line":40,"column":0},"end":{"line":41,"column":0}},{"start":{"line":43,"column":0},"end":{"line":44,"column":0}}]}},"s":{"0":1,"1":0,"2":0,"3":0,"4":0},"f":{"0":1},"b":{"0":[0,0,0]}}
,"/Users/pkl/Documents/projects/colourlist/colourlist/src/constants/index.js": {"path":"/Users/pkl/Documents/projects/colourlist/colourlist/src/constants/index.js","statementMap":{"0":{"start":{"line":3,"column":27},"end":{"line":11,"column":1}},"1":{"start":{"line":13,"column":37},"end":{"line":13,"column":56}},"2":{"start":{"line":15,"column":40},"end":{"line":15,"column":43}}},"fnMap":{},"branchMap":{},"s":{"0":7,"1":7,"2":7},"f":{},"b":{},"_coverageSchema":"332fd63041d2c1bcb487cc26dd0d5f7d97098a6c","hash":"ce9a4fca7611e0342307a193775c8b82b3ad718b"}
,"/Users/pkl/Documents/projects/colourlist/colourlist/src/helpers/GetColourName.js": {"path":"/Users/pkl/Documents/projects/colourlist/colourlist/src/helpers/GetColourName.js","statementMap":{"0":{"start":{"line":4,"column":0},"end":{"line":4,"column":10}},"1":{"start":{"line":6,"column":22},"end":{"line":13,"column":1}},"2":{"start":{"line":7,"column":2},"end":{"line":12,"column":3}},"3":{"start":{"line":8,"column":17},"end":{"line":8,"column":30}},"4":{"start":{"line":9,"column":4},"end":{"line":9,"column":18}},"5":{"start":{"line":11,"column":4},"end":{"line":11,"column":16}}},"fnMap":{"0":{"name":"(anonymous_0)","decl":{"start":{"line":6,"column":22},"end":{"line":6,"column":23}},"loc":{"start":{"line":6,"column":31},"end":{"line":13,"column":1}},"line":6}},"branchMap":{"0":{"loc":{"start":{"line":7,"column":2},"end":{"line":12,"column":3}},"type":"if","locations":[{"start":{"line":7,"column":2},"end":{"line":12,"column":3}},{"start":{"line":7,"column":2},"end":{"line":12,"column":3}}],"line":7},"1":{"loc":{"start":{"line":7,"column":6},"end":{"line":7,"column":57}},"type":"binary-expr","locations":[{"start":{"line":7,"column":6},"end":{"line":7,"column":23}},{"start":{"line":7,"column":27},"end":{"line":7,"column":57}}],"line":7}},"s":{"0":8,"1":8,"2":4,"3":2,"4":2,"5":2},"f":{"0":4},"b":{"0":[2,2],"1":[4,3]},"_coverageSchema":"332fd63041d2c1bcb487cc26dd0d5f7d97098a6c","hash":"9eb15b3fb3b3cf7955a9c1309377ae5fb02c1c83"}
,"/Users/pkl/Documents/projects/colourlist/colourlist/src/helpers/Patterns.js": {"path":"/Users/pkl/Documents/projects/colourlist/colourlist/src/helpers/Patterns.js","statementMap":{"0":{"start":{"line":2,"column":17},"end":{"line":9,"column":1}}},"fnMap":{},"branchMap":{},"s":{"0":8},"f":{},"b":{},"_coverageSchema":"332fd63041d2c1bcb487cc26dd0d5f7d97098a6c","hash":"827883bbb1c21674f898321bfe3008208c4b4de3"}
,"/Users/pkl/Documents/projects/colourlist/colourlist/src/store/action-types.js": {"path":"/Users/pkl/Documents/projects/colourlist/colourlist/src/store/action-types.js","statementMap":{"0":{"start":{"line":3,"column":35},"end":{"line":3,"column":56}},"1":{"start":{"line":6,"column":23},"end":{"line":6,"column":32}},"2":{"start":{"line":7,"column":22},"end":{"line":7,"column":30}},"3":{"start":{"line":8,"column":20},"end":{"line":8,"column":26}},"4":{"start":{"line":9,"column":22},"end":{"line":9,"column":30}},"5":{"start":{"line":12,"column":31},"end":{"line":12,"column":48}}},"fnMap":{},"branchMap":{},"s":{"0":7,"1":7,"2":7,"3":7,"4":7,"5":7},"f":{},"b":{},"_coverageSchema":"332fd63041d2c1bcb487cc26dd0d5f7d97098a6c","hash":"86c6d7e41f053e2812cc240439c8ae8bfbcecb9a"}
,"/Users/pkl/Documents/projects/colourlist/colourlist/src/store/index.js": {"path":"/Users/pkl/Documents/projects/colourlist/colourlist/src/store/index.js","statementMap":{"0":{"start":{"line":5,"column":0},"end":{"line":5,"column":13}}},"fnMap":{},"branchMap":{},"s":{"0":6},"f":{},"b":{},"_coverageSchema":"332fd63041d2c1bcb487cc26dd0d5f7d97098a6c","hash":"d1bb434040d390cbaa2563563f5f1ee1e38c5aca"}
,"/Users/pkl/Documents/projects/colourlist/colourlist/src/store/mutation-types.js": {"path":"/Users/pkl/Documents/projects/colourlist/colourlist/src/store/mutation-types.js","statementMap":{"0":{"start":{"line":3,"column":34},"end":{"line":3,"column":54}},"1":{"start":{"line":4,"column":33},"end":{"line":4,"column":52}},"2":{"start":{"line":5,"column":39},"end":{"line":5,"column":64}},"3":{"start":{"line":6,"column":33},"end":{"line":6,"column":52}},"4":{"start":{"line":7,"column":27},"end":{"line":7,"column":40}},"5":{"start":{"line":10,"column":27},"end":{"line":10,"column":40}},"6":{"start":{"line":13,"column":30},"end":{"line":13,"column":46}},"7":{"start":{"line":14,"column":24},"end":{"line":14,"column":34}},"8":{"start":{"line":17,"column":27},"end":{"line":17,"column":40}},"9":{"start":{"line":18,"column":25},"end":{"line":18,"column":36}}},"fnMap":{},"branchMap":{},"s":{"0":7,"1":7,"2":7,"3":7,"4":7,"5":7,"6":7,"7":7,"8":7,"9":7},"f":{},"b":{},"_coverageSchema":"332fd63041d2c1bcb487cc26dd0d5f7d97098a6c","hash":"ad8bb3d37b228be2ff703c7b11815e94686ed62c"}
,"/Users/pkl/Documents/projects/colourlist/colourlist/src/store/modules/cloud.js": {"path":"/Users/pkl/Documents/projects/colourlist/colourlist/src/store/modules/cloud.js","statementMap":{"0":{"start":{"line":11,"column":14},"end":{"line":14,"column":2}},"1":{"start":{"line":11,"column":21},"end":{"line":14,"column":1}},"2":{"start":{"line":16,"column":18},"end":{"line":24,"column":1}},"3":{"start":{"line":18,"column":4},"end":{"line":18,"column":30}},"4":{"start":{"line":22,"column":4},"end":{"line":22,"column":23}},"5":{"start":{"line":26,"column":16},"end":{"line":68,"column":1}},"6":{"start":{"line":29,"column":4},"end":{"line":33,"column":8}},"7":{"start":{"line":31,"column":8},"end":{"line":31,"column":49}},"8":{"start":{"line":32,"column":8},"end":{"line":32,"column":55}},"9":{"start":{"line":36,"column":4},"end":{"line":39,"column":6}},"10":{"start":{"line":37,"column":6},"end":{"line":37,"column":47}},"11":{"start":{"line":38,"column":6},"end":{"line":38,"column":28}},"12":{"start":{"line":44,"column":4},"end":{"line":44,"column":28}},"13":{"start":{"line":48,"column":4},"end":{"line":48,"column":47}},"14":{"start":{"line":50,"column":21},"end":{"line":50,"column":79}},"15":{"start":{"line":51,"column":4},"end":{"line":61,"column":5}},"16":{"start":{"line":53,"column":22},"end":{"line":53,"column":36}},"17":{"start":{"line":54,"column":6},"end":{"line":54,"column":66}},"18":{"start":{"line":55,"column":6},"end":{"line":55,"column":95}},"19":{"start":{"line":56,"column":6},"end":{"line":56,"column":47}},"20":{"start":{"line":59,"column":6},"end":{"line":59,"column":47}},"21":{"start":{"line":60,"column":6},"end":{"line":60,"column":40}},"22":{"start":{"line":66,"column":4},"end":{"line":66,"column":28}}},"fnMap":{"0":{"name":"(anonymous_0)","decl":{"start":{"line":11,"column":14},"end":{"line":11,"column":15}},"loc":{"start":{"line":11,"column":21},"end":{"line":14,"column":1}},"line":11},"1":{"name":"(anonymous_1)","decl":{"start":{"line":27,"column":13},"end":{"line":27,"column":14}},"loc":{"start":{"line":27,"column":29},"end":{"line":40,"column":3}},"line":27},"2":{"name":"(anonymous_2)","decl":{"start":{"line":30,"column":13},"end":{"line":30,"column":14}},"loc":{"start":{"line":30,"column":22},"end":{"line":33,"column":7}},"line":30},"3":{"name":"(anonymous_3)","decl":{"start":{"line":36,"column":28},"end":{"line":36,"column":29}},"loc":{"start":{"line":36,"column":36},"end":{"line":39,"column":5}},"line":36},"4":{"name":"(anonymous_4)","decl":{"start":{"line":42,"column":12},"end":{"line":42,"column":13}},"loc":{"start":{"line":42,"column":18},"end":{"line":45,"column":3}},"line":42},"5":{"name":"(anonymous_5)","decl":{"start":{"line":64,"column":12},"end":{"line":64,"column":13}},"loc":{"start":{"line":64,"column":18},"end":{"line":67,"column":3}},"line":64}},"branchMap":{"0":{"loc":{"start":{"line":51,"column":4},"end":{"line":61,"column":5}},"type":"if","locations":[{"start":{"line":51,"column":4},"end":{"line":61,"column":5}},{"start":{"line":51,"column":4},"end":{"line":61,"column":5}}],"line":51}},"s":{"0":6,"1":6,"2":6,"3":1,"4":1,"5":6,"6":1,"7":0,"8":0,"9":1,"10":1,"11":1,"12":0,"13":0,"14":0,"15":0,"16":0,"17":0,"18":0,"19":0,"20":0,"21":0,"22":0},"f":{"0":6,"1":1,"2":0,"3":1,"4":0,"5":0},"b":{"0":[0,0]},"_coverageSchema":"332fd63041d2c1bcb487cc26dd0d5f7d97098a6c","hash":"0e0d536e13786a497c4209e86d06ae55800c40af"}
,"/Users/pkl/Documents/projects/colourlist/colourlist/src/store/modules/colourList.js": {"path":"/Users/pkl/Documents/projects/colourlist/colourlist/src/store/modules/colourList.js","statementMap":{"0":{"start":{"line":15,"column":14},"end":{"line":19,"column":2}},"1":{"start":{"line":15,"column":21},"end":{"line":19,"column":1}},"2":{"start":{"line":21,"column":18},"end":{"line":57,"column":1}},"3":{"start":{"line":23,"column":18},"end":{"line":23,"column":39}},"4":{"start":{"line":24,"column":4},"end":{"line":24,"column":38}},"5":{"start":{"line":25,"column":4},"end":{"line":25,"column":27}},"6":{"start":{"line":26,"column":4},"end":{"line":26,"column":51}},"7":{"start":{"line":30,"column":4},"end":{"line":30,"column":32}},"8":{"start":{"line":35,"column":4},"end":{"line":35,"column":67}},"9":{"start":{"line":35,"column":50},"end":{"line":35,"column":66}},"10":{"start":{"line":38,"column":4},"end":{"line":41,"column":5}},"11":{"start":{"line":39,"column":6},"end":{"line":39,"column":31}},"12":{"start":{"line":40,"column":6},"end":{"line":40,"column":53}},"13":{"start":{"line":45,"column":4},"end":{"line":51,"column":5}},"14":{"start":{"line":46,"column":6},"end":{"line":46,"column":31}},"15":{"start":{"line":47,"column":6},"end":{"line":47,"column":53}},"16":{"start":{"line":49,"column":6},"end":{"line":49,"column":33}},"17":{"start":{"line":50,"column":6},"end":{"line":50,"column":35}},"18":{"start":{"line":55,"column":4},"end":{"line":55,"column":24}},"19":{"start":{"line":59,"column":16},"end":{"line":97,"column":1}},"20":{"start":{"line":62,"column":19},"end":{"line":62,"column":86}},"21":{"start":{"line":63,"column":4},"end":{"line":63,"column":77}},"22":{"start":{"line":66,"column":44},"end":{"line":66,"column":85}},"23":{"start":{"line":69,"column":16},"end":{"line":69,"column":18}},"24":{"start":{"line":70,"column":20},"end":{"line":70,"column":22}},"25":{"start":{"line":71,"column":17},"end":{"line":71,"column":19}},"26":{"start":{"line":75,"column":4},"end":{"line":93,"column":5}},"27":{"start":{"line":76,"column":17},"end":{"line":76,"column":38}},"28":{"start":{"line":77,"column":6},"end":{"line":77,"column":50}},"29":{"start":{"line":80,"column":6},"end":{"line":92,"column":7}},"30":{"start":{"line":82,"column":10},"end":{"line":82,"column":30}},"31":{"start":{"line":83,"column":10},"end":{"line":83,"column":31}},"32":{"start":{"line":84,"column":10},"end":{"line":84,"column":15}},"33":{"start":{"line":87,"column":10},"end":{"line":87,"column":43}},"34":{"start":{"line":91,"column":10},"end":{"line":91,"column":54}},"35":{"start":{"line":95,"column":4},"end":{"line":95,"column":16}},"36":{"start":{"line":99,"column":16},"end":{"line":111,"column":1}},"37":{"start":{"line":101,"column":21},"end":{"line":101,"column":41}},"38":{"start":{"line":104,"column":4},"end":{"line":104,"column":36}},"39":{"start":{"line":107,"column":4},"end":{"line":109,"column":5}},"40":{"start":{"line":108,"column":6},"end":{"line":108,"column":41}}},"fnMap":{"0":{"name":"(anonymous_0)","decl":{"start":{"line":15,"column":14},"end":{"line":15,"column":15}},"loc":{"start":{"line":15,"column":21},"end":{"line":19,"column":1}},"line":15},"1":{"name":"(anonymous_1)","decl":{"start":{"line":35,"column":41},"end":{"line":35,"column":42}},"loc":{"start":{"line":35,"column":50},"end":{"line":35,"column":66}},"line":35},"2":{"name":"(anonymous_2)","decl":{"start":{"line":60,"column":16},"end":{"line":60,"column":17}},"loc":{"start":{"line":60,"column":63},"end":{"line":64,"column":3}},"line":60},"3":{"name":"(anonymous_3)","decl":{"start":{"line":66,"column":20},"end":{"line":66,"column":21}},"loc":{"start":{"line":66,"column":44},"end":{"line":66,"column":85}},"line":66},"4":{"name":"(anonymous_4)","decl":{"start":{"line":68,"column":15},"end":{"line":68,"column":16}},"loc":{"start":{"line":68,"column":32},"end":{"line":96,"column":3}},"line":68}},"branchMap":{"0":{"loc":{"start":{"line":38,"column":4},"end":{"line":41,"column":5}},"type":"if","locations":[{"start":{"line":38,"column":4},"end":{"line":41,"column":5}},{"start":{"line":38,"column":4},"end":{"line":41,"column":5}}],"line":38},"1":{"loc":{"start":{"line":45,"column":4},"end":{"line":51,"column":5}},"type":"if","locations":[{"start":{"line":45,"column":4},"end":{"line":51,"column":5}},{"start":{"line":45,"column":4},"end":{"line":51,"column":5}}],"line":45},"2":{"loc":{"start":{"line":62,"column":19},"end":{"line":62,"column":86}},"type":"cond-expr","locations":[{"start":{"line":62,"column":49},"end":{"line":62,"column":63}},{"start":{"line":62,"column":66},"end":{"line":62,"column":86}}],"line":62},"3":{"loc":{"start":{"line":63,"column":11},"end":{"line":63,"column":77}},"type":"cond-expr","locations":[{"start":{"line":63,"column":34},"end":{"line":63,"column":54}},{"start":{"line":63,"column":57},"end":{"line":63,"column":77}}],"line":63},"4":{"loc":{"start":{"line":77,"column":24},"end":{"line":77,"column":50}},"type":"binary-expr","locations":[{"start":{"line":77,"column":25},"end":{"line":77,"column":44}},{"start":{"line":77,"column":49},"end":{"line":77,"column":50}}],"line":77},"5":{"loc":{"start":{"line":80,"column":6},"end":{"line":92,"column":7}},"type":"switch","locations":[{"start":{"line":81,"column":8},"end":{"line":84,"column":15}},{"start":{"line":86,"column":8},"end":{"line":87,"column":43}},{"start":{"line":90,"column":8},"end":{"line":91,"column":54}}],"line":80},"6":{"loc":{"start":{"line":107,"column":4},"end":{"line":109,"column":5}},"type":"if","locations":[{"start":{"line":107,"column":4},"end":{"line":109,"column":5}},{"start":{"line":107,"column":4},"end":{"line":109,"column":5}}],"line":107}},"s":{"0":7,"1":12,"2":7,"3":2,"4":2,"5":2,"6":2,"7":3,"8":1,"9":3,"10":1,"11":0,"12":0,"13":1,"14":0,"15":0,"16":1,"17":1,"18":2,"19":7,"20":1,"21":1,"22":1,"23":0,"24":0,"25":0,"26":0,"27":0,"28":0,"29":0,"30":0,"31":0,"32":0,"33":0,"34":0,"35":0,"36":7,"37":0,"38":0,"39":0,"40":0},"f":{"0":12,"1":3,"2":1,"3":1,"4":0},"b":{"0":[0,1],"1":[0,1],"2":[1,0],"3":[1,0],"4":[0,0],"5":[0,0,0],"6":[0,0]},"_coverageSchema":"332fd63041d2c1bcb487cc26dd0d5f7d97098a6c","hash":"9f67fd99849f1a201922125dfa87cb4cc79bf67f"}
,"/Users/pkl/Documents/projects/colourlist/colourlist/src/store/modules/index.js": {"path":"/Users/pkl/Documents/projects/colourlist/colourlist/src/store/modules/index.js","statementMap":{},"fnMap":{},"branchMap":{},"s":{},"f":{},"b":{},"_coverageSchema":"332fd63041d2c1bcb487cc26dd0d5f7d97098a6c","hash":"36f7ecb9dbf4bde32f4205cec2e8b6bbc9e95164"}
,"/Users/pkl/Documents/projects/colourlist/colourlist/src/store/modules/project.js": {"path":"/Users/pkl/Documents/projects/colourlist/colourlist/src/store/modules/project.js","statementMap":{"0":{"start":{"line":5,"column":14},"end":{"line":8,"column":2}},"1":{"start":{"line":5,"column":21},"end":{"line":8,"column":1}},"2":{"start":{"line":10,"column":18},"end":{"line":19,"column":1}},"3":{"start":{"line":12,"column":4},"end":{"line":12,"column":17}},"4":{"start":{"line":13,"column":4},"end":{"line":13,"column":23}},"5":{"start":{"line":17,"column":4},"end":{"line":17,"column":26}},"6":{"start":{"line":21,"column":16},"end":{"line":26,"column":1}},"7":{"start":{"line":23,"column":4},"end":{"line":23,"column":28}},"8":{"start":{"line":24,"column":4},"end":{"line":24,"column":74}}},"fnMap":{"0":{"name":"(anonymous_0)","decl":{"start":{"line":5,"column":14},"end":{"line":5,"column":15}},"loc":{"start":{"line":5,"column":21},"end":{"line":8,"column":1}},"line":5},"1":{"name":"(anonymous_1)","decl":{"start":{"line":22,"column":21},"end":{"line":22,"column":22}},"loc":{"start":{"line":22,"column":44},"end":{"line":25,"column":3}},"line":22}},"branchMap":{},"s":{"0":6,"1":6,"2":6,"3":0,"4":0,"5":0,"6":6,"7":0,"8":0},"f":{"0":6,"1":0},"b":{},"_coverageSchema":"332fd63041d2c1bcb487cc26dd0d5f7d97098a6c","hash":"8703b23eb1b0de31be296a2ba4a17f4c67d11697"}
,"/Users/pkl/Documents/projects/colourlist/colourlist/src/store/modules/settings.js": {"path":"/Users/pkl/Documents/projects/colourlist/colourlist/src/store/modules/settings.js","statementMap":{"0":{"start":{"line":3,"column":14},"end":{"line":6,"column":2}},"1":{"start":{"line":3,"column":21},"end":{"line":6,"column":1}},"2":{"start":{"line":8,"column":16},"end":{"line":10,"column":1}},"3":{"start":{"line":9,"column":28},"end":{"line":9,"column":53}},"4":{"start":{"line":12,"column":18},"end":{"line":18,"column":1}},"5":{"start":{"line":14,"column":4},"end":{"line":16,"column":6}},"6":{"start":{"line":15,"column":6},"end":{"line":15,"column":24}}},"fnMap":{"0":{"name":"(anonymous_0)","decl":{"start":{"line":3,"column":14},"end":{"line":3,"column":15}},"loc":{"start":{"line":3,"column":21},"end":{"line":6,"column":1}},"line":3},"1":{"name":"(anonymous_1)","decl":{"start":{"line":9,"column":14},"end":{"line":9,"column":15}},"loc":{"start":{"line":9,"column":28},"end":{"line":9,"column":53}},"line":9},"2":{"name":"(anonymous_2)","decl":{"start":{"line":14,"column":39},"end":{"line":14,"column":40}},"loc":{"start":{"line":14,"column":57},"end":{"line":16,"column":5}},"line":14}},"branchMap":{"0":{"loc":{"start":{"line":9,"column":28},"end":{"line":9,"column":53}},"type":"cond-expr","locations":[{"start":{"line":9,"column":35},"end":{"line":9,"column":43}},{"start":{"line":9,"column":46},"end":{"line":9,"column":53}}],"line":9}},"s":{"0":6,"1":6,"2":6,"3":1,"4":6,"5":0,"6":0},"f":{"0":6,"1":1,"2":0},"b":{"0":[1,0]},"_coverageSchema":"332fd63041d2c1bcb487cc26dd0d5f7d97098a6c","hash":"5b4bbb9c0f680dffa0e651a05c1339d4cb0e2853"}
}
