TN:
SF:/Users/pkl/Documents/projects/colourlist/colourlist/src/App.vue
FN:62,(anonymous_1)
FN:90,(anonymous_2)
FN:101,(anonymous_3)
FN:107,(anonymous_4)
FN:113,(anonymous_5)
FN:121,(anonymous_6)
FN:128,(anonymous_7)
FN:130,(anonymous_8)
FN:135,(anonymous_9)
FN:136,(anonymous_10)
FN:140,(anonymous_11)
FNF:11
FNH:1
FNDA:1,(anonymous_1)
FNDA:0,(anonymous_2)
FNDA:0,(anonymous_3)
FNDA:0,(anonymous_4)
FNDA:0,(anonymous_5)
FNDA:0,(anonymous_6)
FNDA:0,(anonymous_7)
FNDA:0,(anonymous_8)
FNDA:0,(anonymous_9)
FNDA:0,(anonymous_10)
FNDA:0,(anonymous_11)
DA:25,1
DA:26,1
DA:27,1
DA:28,1
DA:29,1
DA:30,1
DA:31,1
DA:32,1
DA:33,1
DA:34,1
DA:35,1
DA:36,1
DA:38,1
DA:63,1
DA:76,1
DA:82,0
DA:83,0
DA:84,0
DA:85,0
DA:89,0
DA:90,0
DA:92,0
DA:93,0
DA:94,0
DA:95,0
DA:96,0
DA:98,0
DA:99,0
DA:102,0
DA:103,0
DA:108,0
DA:109,0
DA:110,0
DA:111,0
DA:112,0
DA:113,0
DA:115,0
DA:116,0
DA:117,0
DA:120,0
DA:121,0
DA:123,0
DA:130,0
DA:133,0
DA:135,0
DA:136,0
DA:138,0
DA:139,0
DA:142,0
DA:148,0
DA:151,0
DA:152,0
DA:164,0
DA:173,0
DA:183,0
DA:184,0
LF:56
LH:15
BRDA:92,0,0,0
BRDA:92,0,1,0
BRDA:95,1,0,0
BRDA:95,1,1,0
BRDA:110,2,0,0
BRDA:110,2,1,0
BRDA:151,3,0,0
BRDA:151,3,1,0
BRDA:151,4,0,0
BRDA:151,4,1,0
BRDA:183,5,0,0
BRDA:183,5,1,0
BRF:12
BRH:0
end_of_record
TN:
SF:/Users/pkl/Documents/projects/colourlist/colourlist/src/router.js
FNF:0
FNH:0
DA:4,1
LF:1
LH:1
BRF:0
BRH:0
end_of_record
TN:
SF:/Users/pkl/Documents/projects/colourlist/colourlist/src/api/firebase.js
FNF:0
FNH:0
DA:7,6
DA:9,6
DA:11,6
DA:14,6
LF:4
LH:4
BRF:0
BRH:0
end_of_record
TN:
SF:/Users/pkl/Documents/projects/colourlist/colourlist/src/assets/scripts/name-that-color.js
FN:35,(anonymous_0)
FN:46,(anonymous_1)
FN:85,(anonymous_2)
FN:113,(anonymous_3)
FNF:4
FNH:4
FNDA:8,(anonymous_0)
FNDA:2,(anonymous_1)
FNDA:12530,(anonymous_2)
FNDA:12530,(anonymous_3)
DA:33,8
DA:37,8
DA:39,12528
DA:40,12528
DA:41,12528
DA:42,12528
DA:48,2
DA:49,2
DA:50,0
DA:51,2
DA:52,0
DA:53,2
DA:54,1
DA:56,2
DA:57,2
DA:58,2
DA:59,2
DA:60,2
DA:61,2
DA:62,2
DA:63,2
DA:65,2
DA:67,3001
DA:68,2
DA:70,2999
DA:71,2999
DA:72,2999
DA:73,2999
DA:75,113
DA:76,113
DA:80,0
DA:87,12530
DA:89,12530
DA:91,12530
DA:92,12530
DA:93,12530
DA:94,12530
DA:96,12530
DA:97,12530
DA:98,12513
DA:100,12530
DA:101,12530
DA:103,12409
DA:104,12409
DA:105,12409
DA:106,12409
DA:108,12530
DA:114,12530
LF:48
LH:45
BRDA:49,0,0,0
BRDA:49,0,1,2
BRDA:49,1,0,2
BRDA:49,1,1,2
BRDA:51,2,0,0
BRDA:51,2,1,2
BRDA:53,3,0,1
BRDA:53,3,1,1
BRDA:67,4,0,2
BRDA:67,4,1,2999
BRDA:73,5,0,113
BRDA:73,5,1,2886
BRDA:73,6,0,2999
BRDA:73,6,1,2997
BRDA:80,7,0,0
BRDA:80,7,1,0
BRDA:97,8,0,12513
BRDA:97,8,1,17
BRDA:97,9,0,12530
BRDA:97,9,1,12522
BRDA:98,10,0,5808
BRDA:98,10,1,6705
BRDA:101,11,0,12409
BRDA:101,11,1,121
BRDA:103,12,0,6721
BRDA:103,12,1,5688
BRDA:103,13,0,12409
BRDA:103,13,1,6841
BRDA:104,14,0,2832
BRDA:104,14,1,9577
BRDA:104,15,0,12409
BRDA:104,15,1,2936
BRDA:105,16,0,2856
BRDA:105,16,1,9553
BRDA:105,17,0,12409
BRDA:105,17,1,2920
BRF:36
BRH:32
end_of_record
TN:
SF:/Users/pkl/Documents/projects/colourlist/colourlist/src/components/ConfigForm.vue
FNF:0
FNH:0
DA:35,2
DA:36,2
DA:37,2
DA:46,0
LF:4
LH:3
BRF:0
BRH:0
end_of_record
TN:
SF:/Users/pkl/Documents/projects/colourlist/colourlist/src/components/FilePanel.vue
FNF:0
FNH:0
DA:29,2
DA:30,2
DA:31,2
DA:33,2
DA:46,0
DA:50,0
DA:52,0
DA:55,0
DA:71,1
DA:75,1
DA:78,0
DA:83,1
DA:85,0
DA:88,1
DA:93,1
DA:95,1
DA:98,0
DA:102,0
DA:105,0
DA:108,0
DA:111,0
DA:116,1
DA:118,0
DA:122,0
DA:125,0
DA:128,1
DA:133,1
DA:136,0
DA:139,1
LF:29
LH:14
BRDA:50,0,0,0
BRDA:50,0,1,0
BRDA:72,1,0,1
BRDA:72,1,1,1
BRDA:72,1,2,1
BRDA:72,1,3,0
BRDA:84,2,0,0
BRDA:84,2,1,1
BRDA:94,3,0,1
BRDA:94,3,1,0
BRDA:94,3,2,0
BRDA:94,3,3,0
BRDA:94,3,4,0
BRDA:94,3,5,0
BRDA:94,3,6,0
BRDA:117,4,0,0
BRDA:117,4,1,0
BRDA:117,4,2,0
BRDA:117,4,3,0
BRDA:117,4,4,1
BRDA:134,5,0,0
BRDA:134,5,1,0
BRDA:134,5,2,1
BRF:23
BRH:7
end_of_record
TN:
SF:/Users/pkl/Documents/projects/colourlist/colourlist/src/components/List.vue
FN:63,(anonymous_1)
FN:94,(anonymous_2)
FNF:2
FNH:0
FNDA:0,(anonymous_1)
FNDA:0,(anonymous_2)
DA:33,2
DA:34,2
DA:35,2
DA:36,2
DA:45,0
DA:49,0
DA:60,1
DA:63,1
DA:65,0
DA:66,0
DA:67,0
DA:70,0
DA:71,0
DA:74,0
DA:75,0
DA:76,0
DA:77,0
DA:79,0
DA:80,0
DA:81,0
DA:82,0
DA:83,0
DA:84,0
DA:85,0
DA:86,0
DA:90,0
DA:94,1
DA:95,0
DA:96,0
DA:97,0
DA:98,0
DA:99,0
DA:102,1
DA:106,0
DA:111,0
DA:114,0
LF:36
LH:8
BRDA:49,0,0,0
BRDA:49,0,1,0
BRDA:77,1,0,0
BRDA:77,1,1,0
BRDA:79,2,0,0
BRDA:79,2,1,0
BRDA:79,3,0,0
BRDA:79,3,1,0
BRDA:80,4,0,0
BRDA:80,4,1,0
BRDA:82,5,0,0
BRDA:82,5,1,0
BRDA:83,6,0,0
BRDA:83,6,1,0
BRDA:85,7,0,0
BRDA:85,7,1,0
BRDA:97,8,0,0
BRDA:97,8,1,0
BRDA:98,9,0,0
BRDA:98,9,1,0
BRDA:107,10,0,0
BRDA:107,10,1,0
BRDA:107,10,2,0
BRDA:107,10,3,0
BRDA:107,10,4,0
BRF:25
BRH:0
end_of_record
TN:
SF:/Users/pkl/Documents/projects/colourlist/colourlist/src/components/NewColour.vue
FN:99,(anonymous_1)
FNF:1
FNH:1
FNDA:1,(anonymous_1)
DA:82,2
DA:83,2
DA:84,2
DA:85,2
DA:86,2
DA:87,2
DA:88,2
DA:100,1
DA:108,1
DA:115,0
DA:119,0
DA:123,0
DA:137,1
DA:142,0
DA:145,1
DA:158,0
LF:16
LH:11
BRDA:138,0,0,0
BRDA:138,0,1,0
BRDA:138,0,2,0
BRDA:138,0,3,0
BRDA:138,0,4,1
BRF:5
BRH:1
end_of_record
TN:
SF:/Users/pkl/Documents/projects/colourlist/colourlist/src/components/Output.vue
FN:29,(anonymous_1)
FN:32,(anonymous_2)
FN:39,(anonymous_3)
FNF:3
FNH:0
FNDA:0,(anonymous_1)
FNDA:0,(anonymous_2)
FNDA:0,(anonymous_3)
DA:12,2
DA:13,2
DA:22,0
DA:29,1
DA:32,1
DA:39,1
DA:42,1
DA:45,1
LF:8
LH:7
BRDA:22,0,0,0
BRDA:22,0,1,0
BRDA:29,1,0,0
BRDA:29,1,1,0
BRDA:32,2,0,0
BRDA:32,2,1,0
BRF:6
BRH:0
end_of_record
TN:
SF:/Users/pkl/Documents/projects/colourlist/colourlist/src/components/views/Throbber.vue
FN:18,(anonymous_1)
FNF:1
FNH:1
FNDA:1,(anonymous_1)
DA:19,1
DA:36,0
DA:38,0
DA:41,0
DA:44,0
LF:5
LH:1
BRDA:37,0,0,0
BRDA:37,0,1,0
BRDA:37,0,2,0
BRF:3
BRH:0
end_of_record
TN:
SF:/Users/pkl/Documents/projects/colourlist/colourlist/src/constants/index.js
FNF:0
FNH:0
DA:3,7
DA:13,7
DA:15,7
LF:3
LH:3
BRF:0
BRH:0
end_of_record
TN:
SF:/Users/pkl/Documents/projects/colourlist/colourlist/src/helpers/GetColourName.js
FN:6,(anonymous_0)
FNF:1
FNH:1
FNDA:4,(anonymous_0)
DA:4,8
DA:6,8
DA:7,4
DA:8,2
DA:9,2
DA:11,2
LF:6
LH:6
BRDA:7,0,0,2
BRDA:7,0,1,2
BRDA:7,1,0,4
BRDA:7,1,1,3
BRF:4
BRH:4
end_of_record
TN:
SF:/Users/pkl/Documents/projects/colourlist/colourlist/src/helpers/Patterns.js
FNF:0
FNH:0
DA:2,8
LF:1
LH:1
BRF:0
BRH:0
end_of_record
TN:
SF:/Users/pkl/Documents/projects/colourlist/colourlist/src/store/action-types.js
FNF:0
FNH:0
DA:3,7
DA:6,7
DA:7,7
DA:8,7
DA:9,7
DA:12,7
LF:6
LH:6
BRF:0
BRH:0
end_of_record
TN:
SF:/Users/pkl/Documents/projects/colourlist/colourlist/src/store/index.js
FNF:0
FNH:0
DA:5,6
LF:1
LH:1
BRF:0
BRH:0
end_of_record
TN:
SF:/Users/pkl/Documents/projects/colourlist/colourlist/src/store/mutation-types.js
FNF:0
FNH:0
DA:3,7
DA:4,7
DA:5,7
DA:6,7
DA:7,7
DA:10,7
DA:13,7
DA:14,7
DA:17,7
DA:18,7
LF:10
LH:10
BRF:0
BRH:0
end_of_record
TN:
SF:/Users/pkl/Documents/projects/colourlist/colourlist/src/store/modules/cloud.js
FN:11,(anonymous_0)
FN:27,(anonymous_1)
FN:30,(anonymous_2)
FN:36,(anonymous_3)
FN:42,(anonymous_4)
FN:64,(anonymous_5)
FNF:6
FNH:3
FNDA:6,(anonymous_0)
FNDA:1,(anonymous_1)
FNDA:0,(anonymous_2)
FNDA:1,(anonymous_3)
FNDA:0,(anonymous_4)
FNDA:0,(anonymous_5)
DA:11,6
DA:16,6
DA:18,1
DA:22,1
DA:26,6
DA:29,1
DA:31,0
DA:32,0
DA:36,1
DA:37,1
DA:38,1
DA:44,0
DA:48,0
DA:50,0
DA:51,0
DA:53,0
DA:54,0
DA:55,0
DA:56,0
DA:59,0
DA:60,0
DA:66,0
LF:22
LH:9
BRDA:51,0,0,0
BRDA:51,0,1,0
BRF:2
BRH:0
end_of_record
TN:
SF:/Users/pkl/Documents/projects/colourlist/colourlist/src/store/modules/colourList.js
FN:15,(anonymous_0)
FN:35,(anonymous_1)
FN:60,(anonymous_2)
FN:66,(anonymous_3)
FN:68,(anonymous_4)
FNF:5
FNH:4
FNDA:12,(anonymous_0)
FNDA:3,(anonymous_1)
FNDA:1,(anonymous_2)
FNDA:1,(anonymous_3)
FNDA:0,(anonymous_4)
DA:15,12
DA:21,7
DA:23,2
DA:24,2
DA:25,2
DA:26,2
DA:30,3
DA:35,3
DA:38,1
DA:39,0
DA:40,0
DA:45,1
DA:46,0
DA:47,0
DA:49,1
DA:50,1
DA:55,2
DA:59,7
DA:62,1
DA:63,1
DA:66,1
DA:69,0
DA:70,0
DA:71,0
DA:75,0
DA:76,0
DA:77,0
DA:80,0
DA:82,0
DA:83,0
DA:84,0
DA:87,0
DA:91,0
DA:95,0
DA:99,7
DA:101,0
DA:104,0
DA:107,0
DA:108,0
LF:39
LH:18
BRDA:38,0,0,0
BRDA:38,0,1,1
BRDA:45,1,0,0
BRDA:45,1,1,1
BRDA:62,2,0,1
BRDA:62,2,1,0
BRDA:63,3,0,1
BRDA:63,3,1,0
BRDA:77,4,0,0
BRDA:77,4,1,0
BRDA:80,5,0,0
BRDA:80,5,1,0
BRDA:80,5,2,0
BRDA:107,6,0,0
BRDA:107,6,1,0
BRF:15
BRH:4
end_of_record
TN:
SF:/Users/pkl/Documents/projects/colourlist/colourlist/src/store/modules/index.js
FNF:0
FNH:0
LF:0
LH:0
BRF:0
BRH:0
end_of_record
TN:
SF:/Users/pkl/Documents/projects/colourlist/colourlist/src/store/modules/project.js
FN:5,(anonymous_0)
FN:22,(anonymous_1)
FNF:2
FNH:1
FNDA:6,(anonymous_0)
FNDA:0,(anonymous_1)
DA:5,6
DA:10,6
DA:12,0
DA:13,0
DA:17,0
DA:21,6
DA:23,0
DA:24,0
LF:8
LH:3
BRF:0
BRH:0
end_of_record
TN:
SF:/Users/pkl/Documents/projects/colourlist/colourlist/src/store/modules/settings.js
FN:3,(anonymous_0)
FN:9,(anonymous_1)
FN:14,(anonymous_2)
FNF:3
FNH:2
FNDA:6,(anonymous_0)
FNDA:1,(anonymous_1)
FNDA:0,(anonymous_2)
DA:3,6
DA:8,6
DA:9,1
DA:12,6
DA:14,0
DA:15,0
LF:6
LH:4
BRDA:9,0,0,1
BRDA:9,0,1,0
BRF:2
BRH:1
end_of_record
